This is pdfTeX, Version 3.141592653-2.6-1.40.28 (TeX Live 2025) (preloaded format=pdflatex 2025.12.7)  27 JAN 2026 12:15
entering extended mode
 \write18 enabled.
 %&-line parsing enabled.
**TFG.tex
(./TFG.tex
LaTeX2e <2025-11-01>
L3 programming layer <2025-11-14>
(c:/texlive/2025/texmf-dist/tex/latex/base/book.cls
Document Class: book 2025/01/22 v1.4n Standard LaTeX document class
(c:/texlive/2025/texmf-dist/tex/latex/base/bk10.clo
File: bk10.clo 2025/01/22 v1.4n Standard LaTeX file (size option)
)
\c@part=\count275
\c@chapter=\count276
\c@section=\count277
\c@subsection=\count278
\c@subsubsection=\count279
\c@paragraph=\count280
\c@subparagraph=\count281
\c@figure=\count282
\c@table=\count283
\abovecaptionskip=\skip49
\belowcaptionskip=\skip50
\bibindent=\dimen148
)
(c:/texlive/2025/texmf-dist/tex/latex/svg/svg.sty
Package: svg 2020/11/26 v2.02k (include SVG pictures)

(c:/texlive/2025/texmf-dist/tex/generic/iftex/iftex.sty
Package: iftex 2024/12/12 v1.0g TeX engine tests
)
(c:/texlive/2025/texmf-dist/tex/latex/koma-script/scrbase.sty
Package: scrbase 2025/12/01 v3.49 KOMA-Script package (KOMA-Script-independent 
basics and keyval usage)

(c:/texlive/2025/texmf-dist/tex/latex/koma-script/scrlfile.sty
Package: scrlfile 2025/12/01 v3.49 KOMA-Script package (file load hooks)

(c:/texlive/2025/texmf-dist/tex/latex/koma-script/scrlfile-hook.sty
Package: scrlfile-hook 2025/12/01 v3.49 KOMA-Script package (using LaTeX hooks)


(c:/texlive/2025/texmf-dist/tex/latex/koma-script/scrlogo.sty
Package: scrlogo 2025/12/01 v3.49 KOMA-Script package (logo)
)))
(c:/texlive/2025/texmf-dist/tex/latex/graphics/keyval.sty
Package: keyval 2022/05/29 v1.15 key=value parser (DPC)
\KV@toks@=\toks17
)
Applying: [2021/05/01] Usage of raw or classic option list on input line 254.
Already applied: [0000/00/00] Usage of raw or classic option list on input line
 370.
)
(c:/texlive/2025/texmf-dist/tex/generic/pdftexcmds/pdftexcmds.sty
Package: pdftexcmds 2020-06-27 v0.33 Utility functions of pdfTeX for LuaTeX (HO
)

(c:/texlive/2025/texmf-dist/tex/generic/infwarerr/infwarerr.sty
Package: infwarerr 2019/12/03 v1.5 Providing info/warning/error messages (HO)
)
(c:/texlive/2025/texmf-dist/tex/generic/ltxcmds/ltxcmds.sty
Package: ltxcmds 2023-12-04 v1.26 LaTeX kernel commands for general use (HO)
)
Package pdftexcmds Info: \pdf@primitive is available.
Package pdftexcmds Info: \pdf@ifprimitive is available.
Package pdftexcmds Info: \pdfdraftmode found.
)
(c:/texlive/2025/texmf-dist/tex/latex/trimspaces/trimspaces.sty
Package: trimspaces 2009/09/17 v1.1 Trim spaces around a token list
)
(c:/texlive/2025/texmf-dist/tex/latex/graphics/graphicx.sty
Package: graphicx 2024/12/31 v1.2e Enhanced LaTeX Graphics (DPC,SPQR)

(c:/texlive/2025/texmf-dist/tex/latex/graphics/graphics.sty
Package: graphics 2024/08/06 v1.4g Standard LaTeX Graphics (DPC,SPQR)

(c:/texlive/2025/texmf-dist/tex/latex/graphics/trig.sty
Package: trig 2023/12/02 v1.11 sin cos tan (DPC)
)
(c:/texlive/2025/texmf-dist/tex/latex/graphics-cfg/graphics.cfg
File: graphics.cfg 2016/06/04 v1.11 sample graphics configuration
)
Package graphics Info: Driver file: pdftex.def on input line 106.

(c:/texlive/2025/texmf-dist/tex/latex/graphics-def/pdftex.def
File: pdftex.def 2025/09/29 v1.2d Graphics/color driver for pdftex
))
\Gin@req@height=\dimen149
\Gin@req@width=\dimen150
)
(c:/texlive/2025/texmf-dist/tex/latex/tools/shellesc.sty
Package: shellesc 2023/07/08 v1.0d unified shell escape interface for LaTeX
Package shellesc Info: Unrestricted shell escape enabled on input line 75.
)
(c:/texlive/2025/texmf-dist/tex/latex/ifplatform/ifplatform.sty
Package: ifplatform 2017/10/13 v0.4a Testing for the operating system

(c:/texlive/2025/texmf-dist/tex/generic/catchfile/catchfile.sty
Package: catchfile 2019/12/09 v1.8 Catch the contents of a file (HO)

(c:/texlive/2025/texmf-dist/tex/generic/etexcmds/etexcmds.sty
Package: etexcmds 2019/12/15 v1.7 Avoid name clashes with e-TeX commands (HO)
))
(c:/texlive/2025/texmf-dist/tex/generic/iftex/ifluatex.sty
Package: ifluatex 2019/10/25 v1.5 ifluatex legacy package. Use iftex instead.
))
\c@svg@param@lastpage=\count284
\svg@box=\box53
\c@svg@param@currpage=\count285
)
(c:/texlive/2025/texmf-dist/tex/latex/xcolor/xcolor.sty
Package: xcolor 2024/09/29 v3.02 LaTeX color extensions (UK)

(c:/texlive/2025/texmf-dist/tex/latex/graphics-cfg/color.cfg
File: color.cfg 2016/01/02 v1.6 sample color configuration
)
Package xcolor Info: Driver file: pdftex.def on input line 274.

(c:/texlive/2025/texmf-dist/tex/latex/graphics/mathcolor.ltx)
Package xcolor Info: Model `cmy' substituted by `cmy0' on input line 1349.
Package xcolor Info: Model `hsb' substituted by `rgb' on input line 1353.
Package xcolor Info: Model `RGB' extended on input line 1365.
Package xcolor Info: Model `HTML' substituted by `rgb' on input line 1367.
Package xcolor Info: Model `Hsb' substituted by `hsb' on input line 1368.
Package xcolor Info: Model `tHsb' substituted by `hsb' on input line 1369.
Package xcolor Info: Model `HSB' substituted by `hsb' on input line 1370.
Package xcolor Info: Model `Gray' substituted by `gray' on input line 1371.
Package xcolor Info: Model `wave' substituted by `hsb' on input line 1372.
)
(c:/texlive/2025/texmf-dist/tex/latex/transparent/transparent.sty
Package: transparent 2025-06-23 v1.6 Transparency with color stacks

(c:/texlive/2025/texmf-dist/tex/latex/transparent/transparent-nometadata.sty
Package: transparent-nometadata 2025-06-23 v1.6 Transparency via pdfTeX's color
 stack (HO)

(c:/texlive/2025/texmf-dist/tex/latex/auxhook/auxhook.sty
Package: auxhook 2019-12-17 v1.6 Hooks for auxiliary files (HO)
)))
(c:/texlive/2025/texmf-dist/tex/latex/pgf/systemlayer/pgfsys.sty
(c:/texlive/2025/texmf-dist/tex/latex/pgf/utilities/pgfrcs.sty
(c:/texlive/2025/texmf-dist/tex/generic/pgf/utilities/pgfutil-common.tex
\pgfutil@everybye=\toks18
\pgfutil@tempdima=\dimen151
\pgfutil@tempdimb=\dimen152
)
(c:/texlive/2025/texmf-dist/tex/generic/pgf/utilities/pgfutil-latex.def
\pgfutil@abb=\box54
)
(c:/texlive/2025/texmf-dist/tex/generic/pgf/utilities/pgfrcs.code.tex
(c:/texlive/2025/texmf-dist/tex/generic/pgf/pgf.revision.tex)
Package: pgfrcs 2025-08-29 v3.1.11a (3.1.11a)
))
(c:/texlive/2025/texmf-dist/tex/generic/pgf/systemlayer/pgfsys.code.tex
Package: pgfsys 2025-08-29 v3.1.11a (3.1.11a)

(c:/texlive/2025/texmf-dist/tex/generic/pgf/utilities/pgfkeys.code.tex
\pgfkeys@pathtoks=\toks19
\pgfkeys@temptoks=\toks20

(c:/texlive/2025/texmf-dist/tex/generic/pgf/utilities/pgfkeyslibraryfiltered.co
de.tex
\pgfkeys@tmptoks=\toks21
))
\pgf@x=\dimen153
\pgf@y=\dimen154
\pgf@xa=\dimen155
\pgf@ya=\dimen156
\pgf@xb=\dimen157
\pgf@yb=\dimen158
\pgf@xc=\dimen159
\pgf@yc=\dimen160
\pgf@xd=\dimen161
\pgf@yd=\dimen162
\w@pgf@writea=\write3
\r@pgf@reada=\read2
\c@pgf@counta=\count286
\c@pgf@countb=\count287
\c@pgf@countc=\count288
\c@pgf@countd=\count289
\t@pgf@toka=\toks22
\t@pgf@tokb=\toks23
\t@pgf@tokc=\toks24
\pgf@sys@id@count=\count290
 (c:/texlive/2025/texmf-dist/tex/generic/pgf/systemlayer/pgf.cfg
File: pgf.cfg 2025-08-29 v3.1.11a (3.1.11a)
)
Driver file for pgf: pgfsys-pdftex.def

(c:/texlive/2025/texmf-dist/tex/generic/pgf/systemlayer/pgfsys-pdftex.def
File: pgfsys-pdftex.def 2025-08-29 v3.1.11a (3.1.11a)

(c:/texlive/2025/texmf-dist/tex/generic/pgf/systemlayer/pgfsys-common-pdf.def
File: pgfsys-common-pdf.def 2025-08-29 v3.1.11a (3.1.11a)
)))
(c:/texlive/2025/texmf-dist/tex/generic/pgf/systemlayer/pgfsyssoftpath.code.tex
File: pgfsyssoftpath.code.tex 2025-08-29 v3.1.11a (3.1.11a)
\pgfsyssoftpath@smallbuffer@items=\count291
\pgfsyssoftpath@bigbuffer@items=\count292
)
(c:/texlive/2025/texmf-dist/tex/generic/pgf/systemlayer/pgfsysprotocol.code.tex
File: pgfsysprotocol.code.tex 2025-08-29 v3.1.11a (3.1.11a)
)) (c:/texlive/2025/texmf-dist/tex/latex/adjustbox/adjustbox.sty
Package: adjustbox 2025/02/26 v1.3c Adjusting TeX boxes (trim, clip, ...)

(c:/texlive/2025/texmf-dist/tex/latex/xkeyval/xkeyval.sty
Package: xkeyval 2025/11/04 v2.10 package option processing (HA)

(c:/texlive/2025/texmf-dist/tex/generic/xkeyval/xkeyval.tex
(c:/texlive/2025/texmf-dist/tex/generic/xkeyval/xkvutils.tex
\XKV@toks=\toks25
\XKV@tempa@toks=\toks26
\XKV@tempb@toks=\toks27
)
\XKV@depth=\count293
File: xkeyval.tex 2014/12/03 v2.7a key=value parser (HA)
))
(c:/texlive/2025/texmf-dist/tex/latex/adjustbox/adjcalc.sty
Package: adjcalc 2012/05/16 v1.1 Provides advanced setlength with multiple back
-ends (calc, etex, pgfmath)
)
(c:/texlive/2025/texmf-dist/tex/latex/adjustbox/trimclip.sty
Package: trimclip 2025/02/21 v1.2a Trim and clip general TeX material

(c:/texlive/2025/texmf-dist/tex/latex/collectbox/collectbox.sty
Package: collectbox 2022/10/17 v0.4c Collect macro arguments as boxes
\collectedbox=\box55
)
\tc@llx=\dimen163
\tc@lly=\dimen164
\tc@urx=\dimen165
\tc@ury=\dimen166
Package trimclip Info: Using driver 'tc-pdftex.def'.

(c:/texlive/2025/texmf-dist/tex/latex/adjustbox/tc-pdftex.def
File: tc-pdftex.def 2025/02/26 v2.3 Clipping driver for pdftex
))
\adjbox@Width=\dimen167
\adjbox@Height=\dimen168
\adjbox@Depth=\dimen169
\adjbox@Totalheight=\dimen170
\adjbox@pwidth=\dimen171
\adjbox@pheight=\dimen172
\adjbox@pdepth=\dimen173
\adjbox@ptotalheight=\dimen174

(c:/texlive/2025/texmf-dist/tex/latex/ifoddpage/ifoddpage.sty
Package: ifoddpage 2022/10/18 v1.2 Conditionals for odd/even page detection
\c@checkoddpage=\count294
)
(c:/texlive/2025/texmf-dist/tex/latex/varwidth/varwidth.sty
Package: varwidth 2009/03/30 ver 0.92;  Variable-width minipages
\@vwid@box=\box56
\sift@deathcycles=\count295
\@vwid@loff=\dimen175
\@vwid@roff=\dimen176
)
==> First Aid for varwidth.sty applied!
) (c:/texlive/2025/texmf-dist/tex/generic/babel/babel.sty
Package: babel 2025/11/23 v25.16 The multilingual framework for LuaLaTeX, pdfLa
TeX and XeLaTeX
\babel@savecnt=\count296
LaTeX Encoding Info:    Redeclaring text command \ij (encoding OT1) on input li
ne 2050.
LaTeX Encoding Info:    Redeclaring text command \IJ (encoding OT1) on input li
ne 2052.
LaTeX Encoding Info:    Redeclaring text command \ij (encoding T1) on input lin
e 2054.
LaTeX Encoding Info:    Redeclaring text command \IJ (encoding T1) on input lin
e 2055.
LaTeX Encoding Info:    Ignoring declaration for text command \ij (encoding ?) 
on input line 2056.
LaTeX Encoding Info:    Ignoring declaration for text command \IJ (encoding ?) 
on input line 2058.
LaTeX Encoding Info:    Ignoring declaration for text command \SS (encoding ?) 
on input line 2083.
\U@D=\dimen177
\l@unhyphenated=\language90

(c:/texlive/2025/texmf-dist/tex/generic/babel/txtbabel.def)
\bbl@readstream=\read3
\bbl@dirlevel=\count297

(c:/texlive/2025/texmf-dist/tex/generic/babel/locale/es/babel-spanish.tex)
Package babel Info: Importing font and identification data for spanish
(babel)             from babel-es.ini. Reported on input line 4298.

(c:/texlive/2025/texmf-dist/tex/generic/babel-spanish/spanish.ldf
Language: spanish.ldf 2021/05/27 v5.0q Spanish support from the babel system
\es@quottoks=\toks28
\es@quotdepth=\count298
Package babel Info: Making " an active character on input line 570.
Package babel Info: Making . an active character on input line 675.
Package babel Info: Making < an active character on input line 722.
Package babel Info: Making > an active character on input line 722.
))
LaTeX Encoding Info:    Redeclaring text command \guillemotleft (encoding OT1) 
on input line 13.
LaTeX Encoding Info:    Redeclaring text command \guillemotright (encoding OT1)
 on input line 13.

(c:/texlive/2025/texmf-dist/tex/latex/base/inputenc.sty
Package: inputenc 2024/02/08 v1.3d Input encoding file
\inpenc@prehook=\toks29
\inpenc@posthook=\toks30
)
(c:/texlive/2025/texmf-dist/tex/latex/amsmath/amsmath.sty
Package: amsmath 2025/07/09 v2.17z AMS math features
\@mathmargin=\skip51

For additional information on amsmath, use the `?' option.
(c:/texlive/2025/texmf-dist/tex/latex/amsmath/amstext.sty
Package: amstext 2024/11/17 v2.01 AMS text

(c:/texlive/2025/texmf-dist/tex/latex/amsmath/amsgen.sty
File: amsgen.sty 1999/11/30 v2.0 generic functions
\@emptytoks=\toks31
\ex@=\dimen178
))
(c:/texlive/2025/texmf-dist/tex/latex/amsmath/amsbsy.sty
Package: amsbsy 1999/11/29 v1.2d Bold Symbols
\pmbraise@=\dimen179
)
(c:/texlive/2025/texmf-dist/tex/latex/amsmath/amsopn.sty
Package: amsopn 2022/04/08 v2.04 operator names
)
\inf@bad=\count299
LaTeX Info: Redefining \frac on input line 233.
\uproot@=\count300
\leftroot@=\count301
LaTeX Info: Redefining \overline on input line 398.
LaTeX Info: Redefining \colon on input line 409.
\classnum@=\count302
\DOTSCASE@=\count303
LaTeX Info: Redefining \ldots on input line 495.
LaTeX Info: Redefining \dots on input line 498.
LaTeX Info: Redefining \cdots on input line 619.
\Mathstrutbox@=\box57
\strutbox@=\box58
LaTeX Info: Redefining \big on input line 721.
LaTeX Info: Redefining \Big on input line 722.
LaTeX Info: Redefining \bigg on input line 723.
LaTeX Info: Redefining \Bigg on input line 724.
\big@size=\dimen180
LaTeX Font Info:    Redeclaring font encoding OML on input line 742.
LaTeX Font Info:    Redeclaring font encoding OMS on input line 743.
\macc@depth=\count304
LaTeX Info: Redefining \bmod on input line 904.
LaTeX Info: Redefining \pmod on input line 909.
LaTeX Info: Redefining \smash on input line 939.
LaTeX Info: Redefining \relbar on input line 969.
LaTeX Info: Redefining \Relbar on input line 970.
\c@MaxMatrixCols=\count305
\dotsspace@=\muskip17
\c@parentequation=\count306
\dspbrk@lvl=\count307
\tag@help=\toks32
\row@=\count308
\column@=\count309
\maxfields@=\count310
\andhelp@=\toks33
\eqnshift@=\dimen181
\alignsep@=\dimen182
\tagshift@=\dimen183
\tagwidth@=\dimen184
\totwidth@=\dimen185
\lineht@=\dimen186
\@envbody=\toks34
\multlinegap=\skip52
\multlinetaggap=\skip53
\mathdisplay@stack=\toks35
LaTeX Info: Redefining \[ on input line 2950.
LaTeX Info: Redefining \] on input line 2951.
)
(c:/texlive/2025/texmf-dist/tex/latex/amsfonts/amsfonts.sty
Package: amsfonts 2013/01/14 v3.01 Basic AMSFonts support
\symAMSa=\mathgroup4
\symAMSb=\mathgroup5
LaTeX Font Info:    Redeclaring math symbol \hbar on input line 98.
LaTeX Font Info:    Overwriting math alphabet `\mathfrak' in version `bold'
(Font)                  U/euf/m/n --> U/euf/b/n on input line 106.
)
(c:/texlive/2025/texmf-dist/tex/latex/amsfonts/amssymb.sty
Package: amssymb 2013/01/14 v3.01 AMS font symbols
)
(c:/texlive/2025/texmf-dist/tex/latex/subfig/subfig.sty
Package: subfig 2005/06/28 ver: 1.3 subfig package

(c:/texlive/2025/texmf-dist/tex/latex/caption/caption.sty
Package: caption 2023/08/05 v3.6o Customizing captions (AR)

(c:/texlive/2025/texmf-dist/tex/latex/caption/caption3.sty
Package: caption3 2023/07/31 v2.4d caption3 kernel (AR)
\caption@tempdima=\dimen187
\captionmargin=\dimen188
\caption@leftmargin=\dimen189
\caption@rightmargin=\dimen190
\caption@width=\dimen191
\caption@indent=\dimen192
\caption@parindent=\dimen193
\caption@hangindent=\dimen194
Package caption Info: Standard document class detected.
)
\c@caption@flags=\count311
\c@continuedfloat=\count312
)
\c@KVtest=\count313
\sf@farskip=\skip54
\sf@captopadj=\dimen195
\sf@capskip=\skip55
\sf@nearskip=\skip56
\c@subfigure=\count314
\c@subfigure@save=\count315
\c@lofdepth=\count316
\c@subtable=\count317
\c@subtable@save=\count318
\c@lotdepth=\count319
\sf@top=\skip57
\sf@bottom=\skip58
)
(c:/texlive/2025/texmf-dist/tex/latex/float/float.sty
Package: float 2001/11/08 v1.3d Float enhancements (AL)
\c@float@type=\count320
\float@exts=\toks36
\float@box=\box59
\@float@everytoks=\toks37
\@floatcapt=\box60
)
(c:/texlive/2025/texmf-dist/tex/latex/placeins/placeins.sty
Package: placeins 2005/04/18  v 2.2
)
(c:/texlive/2025/texmf-dist/tex/latex/listings/listings.sty
\lst@mode=\count321
\lst@gtempboxa=\box61
\lst@token=\toks38
\lst@length=\count322
\lst@currlwidth=\dimen196
\lst@column=\count323
\lst@pos=\count324
\lst@lostspace=\dimen197
\lst@width=\dimen198
\lst@newlines=\count325
\lst@lineno=\count326
\lst@maxwidth=\dimen199

(c:/texlive/2025/texmf-dist/tex/latex/listings/lstpatch.sty
File: lstpatch.sty 2025/11/14 1.11b (Carsten Heinz)
)
(c:/texlive/2025/texmf-dist/tex/latex/listings/lstmisc.sty
File: lstmisc.sty 2025/11/14 1.11b (Carsten Heinz)
\c@lstnumber=\count327
\lst@skipnumbers=\count328
\lst@framebox=\box62
)
(c:/texlive/2025/texmf-dist/tex/latex/listings/listings.cfg
File: listings.cfg 2025/11/14 1.11b listings configuration
))
Package: listings 2025/11/14 1.11b (Carsten Heinz)

==> First Aid for listings.sty no longer applied!
    Expected:
        2024/09/23 1.10c (Carsten Heinz)
    but found:
        2025/11/14 1.11b (Carsten Heinz)
    so I'm assuming it got fixed.
(c:/texlive/2025/texmf-dist/tex/latex/appendix/appendix.sty
Package: appendix 2020/02/08 v1.2c extra appendix facilities
\c@@pps=\count329
\c@@ppsavesec=\count330
\c@@ppsaveapp=\count331
)
(c:/texlive/2025/texmf-dist/tex/latex/geometry/geometry.sty
Package: geometry 2020/01/02 v5.9 Page Geometry

(c:/texlive/2025/texmf-dist/tex/generic/iftex/ifvtex.sty
Package: ifvtex 2019/10/25 v1.7 ifvtex legacy package. Use iftex instead.
)
\Gm@cnth=\count332
\Gm@cntv=\count333
\c@Gm@tempcnt=\count334
\Gm@bindingoffset=\dimen256
\Gm@wd@mp=\dimen257
\Gm@odd@mp=\dimen258
\Gm@even@mp=\dimen259
\Gm@layoutwidth=\dimen260
\Gm@layoutheight=\dimen261
\Gm@layouthoffset=\dimen262
\Gm@layoutvoffset=\dimen263
\Gm@dimlist=\toks39
)
(c:/texlive/2025/texmf-dist/tex/latex/tools/multicol.sty
Package: multicol 2025/10/21 v2.0b multicolumn formatting (FMi)
\c@tracingmulticols=\count335
\mult@box=\box63
\multicol@leftmargin=\dimen264
\c@unbalance=\count336
\c@collectmore=\count337
\doublecol@number=\count338
\multicoltolerance=\count339
\multicolpretolerance=\count340
\full@width=\dimen265
\page@free=\dimen266
\premulticols=\dimen267
\postmulticols=\dimen268
\multicolsep=\skip59
\multicolbaselineskip=\skip60
\partial@page=\box64
\last@line=\box65
\mc@boxedresult=\box66
\maxbalancingoverflow=\dimen269
\mult@rightbox=\box67
\mult@grightbox=\box68
\mult@firstbox=\box69
\mult@gfirstbox=\box70
\@tempa=\box71
\@tempa=\box72
\@tempa=\box73
\@tempa=\box74
\@tempa=\box75
\@tempa=\box76
\@tempa=\box77
\@tempa=\box78
\@tempa=\box79
\@tempa=\box80
\@tempa=\box81
\@tempa=\box82
\@tempa=\box83
\@tempa=\box84
\@tempa=\box85
\@tempa=\box86
\@tempa=\box87
\@tempa=\box88
\@tempa=\box89
\@tempa=\box90
\@tempa=\box91
\@tempa=\box92
\@tempa=\box93
\@tempa=\box94
\@tempa=\box95
\@tempa=\box96
\@tempa=\box97
\@tempa=\box98
\@tempa=\box99
\@tempa=\box100
\@tempa=\box101
\@tempa=\box102
\@tempa=\box103
\@tempa=\box104
\@tempa=\box105
\@tempa=\box106
\c@minrows=\count341
\c@columnbadness=\count342
\c@finalcolumnbadness=\count343
\last@try=\dimen270
\multicolovershoot=\dimen271
\multicolundershoot=\dimen272
\mult@nat@firstbox=\box107
\colbreak@box=\box108
\mc@col@check@num=\count344
\g__mc_curr_col_int=\count345
)
(c:/texlive/2025/texmf-dist/tex/latex/hyperref/hyperref.sty
Package: hyperref 2025-07-12 v7.01o Hypertext links for LaTeX

(c:/texlive/2025/texmf-dist/tex/latex/kvsetkeys/kvsetkeys.sty
Package: kvsetkeys 2022-10-05 v1.19 Key value parser (HO)
)
(c:/texlive/2025/texmf-dist/tex/generic/kvdefinekeys/kvdefinekeys.sty
Package: kvdefinekeys 2019-12-19 v1.6 Define keys (HO)
)
(c:/texlive/2025/texmf-dist/tex/generic/pdfescape/pdfescape.sty
Package: pdfescape 2019/12/09 v1.15 Implements pdfTeX's escape features (HO)
)
(c:/texlive/2025/texmf-dist/tex/latex/hycolor/hycolor.sty
Package: hycolor 2020-01-27 v1.10 Color options for hyperref/bookmark (HO)
)
(c:/texlive/2025/texmf-dist/tex/latex/hyperref/nameref.sty
Package: nameref 2025-06-21 v2.57 Cross-referencing by name of section

(c:/texlive/2025/texmf-dist/tex/latex/refcount/refcount.sty
Package: refcount 2019/12/15 v3.6 Data extraction from label references (HO)
)
(c:/texlive/2025/texmf-dist/tex/generic/gettitlestring/gettitlestring.sty
Package: gettitlestring 2019/12/15 v1.6 Cleanup title references (HO)

(c:/texlive/2025/texmf-dist/tex/latex/kvoptions/kvoptions.sty
Package: kvoptions 2022-06-15 v3.15 Key value format for package options (HO)
))
\c@section@level=\count346
)
(c:/texlive/2025/texmf-dist/tex/latex/etoolbox/etoolbox.sty
Package: etoolbox 2025/10/02 v2.5m e-TeX tools for LaTeX (JAW)
\etb@tempcnta=\count347
)
(c:/texlive/2025/texmf-dist/tex/generic/stringenc/stringenc.sty
Package: stringenc 2019/11/29 v1.12 Convert strings between diff. encodings (HO
)
)
\@linkdim=\dimen273
\Hy@linkcounter=\count348
\Hy@pagecounter=\count349

(c:/texlive/2025/texmf-dist/tex/latex/hyperref/pd1enc.def
File: pd1enc.def 2025-07-12 v7.01o Hyperref: PDFDocEncoding definition (HO)
Now handling font encoding PD1 ...
... no UTF-8 mapping file for font encoding PD1
)
(c:/texlive/2025/texmf-dist/tex/generic/intcalc/intcalc.sty
Package: intcalc 2019/12/15 v1.3 Expandable calculations with integers (HO)
)
\Hy@SavedSpaceFactor=\count350

(c:/texlive/2025/texmf-dist/tex/latex/hyperref/puenc.def
File: puenc.def 2025-07-12 v7.01o Hyperref: PDF Unicode definition (HO)
Now handling font encoding PU ...
... no UTF-8 mapping file for font encoding PU
)
Package hyperref Info: Hyper figures OFF on input line 4195.
Package hyperref Info: Link nesting OFF on input line 4200.
Package hyperref Info: Hyper index ON on input line 4203.
Package hyperref Info: Plain pages OFF on input line 4210.
Package hyperref Info: Backreferencing OFF on input line 4215.
Package hyperref Info: Implicit mode ON; LaTeX internals redefined.
Package hyperref Info: Bookmarks ON on input line 4462.
\c@Hy@tempcnt=\count351

(c:/texlive/2025/texmf-dist/tex/latex/url/url.sty
\Urlmuskip=\muskip18
Package: url 2013/09/16  ver 3.4  Verb mode for urls, etc.
)
LaTeX Info: Redefining \url on input line 4801.
\XeTeXLinkMargin=\dimen274

(c:/texlive/2025/texmf-dist/tex/generic/bitset/bitset.sty
Package: bitset 2019/12/09 v1.3 Handle bit-vector datatype (HO)

(c:/texlive/2025/texmf-dist/tex/generic/bigintcalc/bigintcalc.sty
Package: bigintcalc 2019/12/15 v1.5 Expandable calculations on big integers (HO
)
))
\Fld@menulength=\count352
\Field@Width=\dimen275
\Fld@charsize=\dimen276
Package hyperref Info: Hyper figures OFF on input line 6078.
Package hyperref Info: Link nesting OFF on input line 6083.
Package hyperref Info: Hyper index ON on input line 6086.
Package hyperref Info: backreferencing OFF on input line 6093.
Package hyperref Info: Link coloring OFF on input line 6098.
Package hyperref Info: Link coloring with OCG OFF on input line 6103.
Package hyperref Info: PDF/A mode OFF on input line 6108.
\Hy@abspage=\count353
\c@Item=\count354
\c@Hfootnote=\count355
)
Package hyperref Info: Driver (autodetected): hpdftex.

(c:/texlive/2025/texmf-dist/tex/latex/hyperref/hpdftex.def
File: hpdftex.def 2025-07-12 v7.01o Hyperref driver for pdfTeX
\Fld@listcount=\count356
\c@bookmark@seq@number=\count357

(c:/texlive/2025/texmf-dist/tex/latex/rerunfilecheck/rerunfilecheck.sty
Package: rerunfilecheck 2025-06-21 v1.11 Rerun checks for auxiliary files (HO)

(c:/texlive/2025/texmf-dist/tex/generic/uniquecounter/uniquecounter.sty
Package: uniquecounter 2019/12/15 v1.4 Provide unlimited unique counter (HO)
)
Package uniquecounter Info: New unique counter `rerunfilecheck' on input line 2
84.
)
\Hy@SectionHShift=\skip61
)
Package hyperref Info: Option `colorlinks' set `true' on input line 45.

(c:/texlive/2025/texmf-dist/tex/latex/l3backend/l3backend-pdftex.def
File: l3backend-pdftex.def 2025-10-09 L3 backend support: PDF output (pdfTeX)
\l__color_backend_stack_int=\count358
)
(./TFG.aux (./capitulos/portada.aux)
LaTeX Info: Redefining \. on input line 14.
LaTeX Info: Redefining \% on input line 14.
Package babel Info: 'spanish' activates 'spanish' shorthands.
(babel)             Reported on input line 14.
 (./capitulos/firmas.aux)
(./capitulos/licencia.aux) (./capitulos/evaluacion.aux)
(./capitulos/agradecimientos.aux) (./capitulos/resumen.aux)
(./capitulos/simbolos.aux) (./capitulos/introduccion.aux)
(./capitulos/marcoteorico.aux) (./capitulos/estadoarte.aux)
(./capitulos/presentacionprototipo.aux) (./capitulos/planteamiento.aux)
(./capitulos/disenio.aux) (./capitulos/implementacion.aux)
(./capitulos/resultados.aux) (./capitulos/conclusion.aux)
(./capitulos/anexo.aux))
\openout1 = `TFG.aux'.

LaTeX Font Info:    Checking defaults for OML/cmm/m/it on input line 55.
LaTeX Font Info:    ... okay on input line 55.
LaTeX Font Info:    Checking defaults for OMS/cmsy/m/n on input line 55.
LaTeX Font Info:    ... okay on input line 55.
LaTeX Font Info:    Checking defaults for OT1/cmr/m/n on input line 55.
LaTeX Font Info:    ... okay on input line 55.
LaTeX Font Info:    Checking defaults for T1/cmr/m/n on input line 55.
LaTeX Font Info:    ... okay on input line 55.
LaTeX Font Info:    Checking defaults for TS1/cmr/m/n on input line 55.
LaTeX Font Info:    ... okay on input line 55.
LaTeX Font Info:    Checking defaults for OMX/cmex/m/n on input line 55.
LaTeX Font Info:    ... okay on input line 55.
LaTeX Font Info:    Checking defaults for U/cmr/m/n on input line 55.
LaTeX Font Info:    ... okay on input line 55.
LaTeX Font Info:    Checking defaults for PD1/pdf/m/n on input line 55.
LaTeX Font Info:    ... okay on input line 55.
LaTeX Font Info:    Checking defaults for PU/pdf/m/n on input line 55.
LaTeX Font Info:    ... okay on input line 55.

(c:/texlive/2025/texmf-dist/tex/context/base/mkii/supp-pdf.mkii
[Loading MPS to PDF converter (version 2006.09.02).]
\scratchcounter=\count359
\scratchdimen=\dimen277
\scratchbox=\box109
\nofMPsegments=\count360
\nofMParguments=\count361
\everyMPshowfont=\toks40
\MPscratchCnt=\count362
\MPscratchDim=\dimen278
\MPnumerator=\count363
\makeMPintoPDFobject=\count364
\everyMPtoPDFconversion=\toks41
) (c:/texlive/2025/texmf-dist/tex/latex/epstopdf-pkg/epstopdf-base.sty
Package: epstopdf-base 2020-01-24 v2.11 Base part for package epstopdf
Package epstopdf-base Info: Redefining graphics rule for `.eps' on input line 4
85.

(c:/texlive/2025/texmf-dist/tex/latex/latexconfig/epstopdf-sys.cfg
File: epstopdf-sys.cfg 2010/07/13 v1.3 Configuration of (r)epstopdf for TeX Liv
e
))
LaTeX Info: Redefining \. on input line 55.
LaTeX Info: Redefining \% on input line 55.
Package caption Info: Begin \AtBeginDocument code.
Package caption Info: subfig package v1.3 is loaded.
Package caption Info: float package is loaded.
Package caption Info: hyperref package is loaded.
Package caption Info: listings package is loaded.
Package caption Info: End \AtBeginDocument code.
\c@lstlisting=\count365

*geometry* driver: auto-detecting
*geometry* detected driver: pdftex
*geometry* verbose mode - [ preamble ] result:
* driver: pdftex
* paper: a4paper
* layout: <same size as paper>
* layoutoffset:(h,v)=(0.0pt,0.0pt)
* modes: twoside 
* h-part:(L,W,R)=(85.35826pt, 426.79135pt, 85.35826pt)
* v-part:(T,H,B)=(85.35826pt, 674.33032pt, 85.35826pt)
* \paperwidth=597.50787pt
* \paperheight=845.04684pt
* \textwidth=426.79135pt
* \textheight=674.33032pt
* \oddsidemargin=13.08827pt
* \evensidemargin=13.08827pt
* \topmargin=-16.97922pt
* \headheight=12.0pt
* \headsep=18.06749pt
* \topskip=10.0pt
* \footskip=25.29494pt
* \marginparwidth=115.0pt
* \marginparsep=7.0pt
* \columnsep=10.0pt
* \skip\footins=9.0pt plus 4.0pt minus 2.0pt
* \hoffset=0.0pt
* \voffset=0.0pt
* \mag=1000
* \@twocolumnfalse
* \@twosidetrue
* \@mparswitchtrue
* \@reversemarginfalse
* (1in=72.27pt=25.4mm, 1cm=28.453pt)

Package hyperref Info: Link coloring ON on input line 55.
(./TFG.out) (./TFG.out)
\@outlinefile=\write4
\openout4 = `TFG.out'.

\openout2 = `capitulos/portada.aux'.

 (./capitulos/portada.tex
<figuras/cabecera.png, id=449, 1130.2225pt x 357.335pt>
File: figuras/cabecera.png Graphic file (type png)
<use figuras/cabecera.png>
Package pdftex.def Info: figuras/cabecera.png  used on input line 6.
(pdftex.def)             Requested size: 426.79135pt x 134.93266pt.
 [1




{c:/texlive/2025/texmf-var/fonts/map/pdftex/updmap/pdftex.map} <./figuras/cabec
era.png>] [2

])
\openout2 = `capitulos/firmas.aux'.


(./capitulos/firmas.tex
File: figuras/cabecera.png Graphic file (type png)
<use figuras/cabecera.png>
Package pdftex.def Info: figuras/cabecera.png  used on input line 6.
(pdftex.def)             Requested size: 426.79135pt x 134.93266pt.
 [3



] [4

])
\openout2 = `capitulos/licencia.aux'.

 (./capitulos/licencia.tex) [5



{c:/texlive/2025/texmf-dist/fonts/enc/dvips/cm-super/cm-super-ts1.enc}]
\openout2 = `capitulos/evaluacion.aux'.


(./capitulos/evaluacion.tex [6




]
Underfull \hbox (badness 10000) in paragraph at lines 22--23

 []

LaTeX Font Info:    Trying to load font information for U+msa on input line 32.

(c:/texlive/2025/texmf-dist/tex/latex/amsfonts/umsa.fd
File: umsa.fd 2013/01/14 v3.01 AMS symbols A
)
LaTeX Font Info:    Trying to load font information for U+msb on input line 32.


(c:/texlive/2025/texmf-dist/tex/latex/amsfonts/umsb.fd
File: umsb.fd 2013/01/14 v3.01 AMS symbols B
))
Overfull \hbox (17.61108pt too wide) in paragraph at lines 28--68
[]$[]$ $[]$ 
 []

[7]
\openout2 = `capitulos/agradecimientos.aux'.

 (./capitulos/agradecimientos.tex [8




]) [9]
\openout2 = `capitulos/resumen.aux'.

 (./capitulos/resumen.tex
LaTeX Info: Redefining \. on input line 2.
LaTeX Info: Redefining \% on input line 2.
Package babel Info: 'spanish' activates 'spanish' shorthands.
(babel)             Reported on input line 2.
 [10




]
[11]
LaTeX Info: Redefining \. on input line 11.
LaTeX Info: Redefining \% on input line 11.
 [12

]) [13]
\openout2 = `capitulos/simbolos.aux'.

 (./capitulos/simbolos.tex
LaTeX Info: Redefining \. on input line 1.
LaTeX Info: Redefining \% on input line 1.
 [14




]) [15]
LaTeX Info: Redefining \. on input line 76.
LaTeX Info: Redefining \% on input line 76.
 [16



] (./TFG.toc
LaTeX Info: Redefining \. on input line 1.
LaTeX Info: Redefining \% on input line 1.


LaTeX Font Warning: Font shape `OT1/cmr/bx/sc' undefined
(Font)              using `OT1/cmr/bx/n' instead on input line 2.


Package spanish Warning: Replacing `OT1/cmr/bx/sc' by 
(spanish)                faked small caps on input line 2.


Package spanish Warning: Replacing `OT1/cmr/bx/sc' by 
(spanish)                faked small caps on input line 3.


Package spanish Warning: Replacing `OT1/cmr/bx/sc' by 
(spanish)                faked small caps on input line 5.


Package spanish Warning: Replacing `OT1/cmr/bx/sc' by 
(spanish)                faked small caps on input line 7.


Package spanish Warning: Replacing `OT1/cmr/bx/sc' by 
(spanish)                faked small caps on input line 8.

[17]
LaTeX Info: Redefining \. on input line 104.
LaTeX Info: Redefining \% on input line 104.
 [18])
\tf@toc=\write5
\openout5 = `TFG.toc'.

LaTeX Info: Redefining \. on input line 80.
LaTeX Info: Redefining \% on input line 80.
 [19]
LaTeX Info: Redefining \. on input line 80.
LaTeX Info: Redefining \% on input line 80.
 [20

] (./TFG.lof
LaTeX Info: Redefining \. on input line 1.
LaTeX Info: Redefining \% on input line 1.
 [21])
\tf@lof=\write6
\openout6 = `TFG.lof'.

LaTeX Info: Redefining \. on input line 83.
LaTeX Info: Redefining \% on input line 83.
 [22] (./TFG.lot
LaTeX Info: Redefining \. on input line 1.
LaTeX Info: Redefining \% on input line 1.
)
\tf@lot=\write7
\openout7 = `TFG.lot'.

 [23

]
LaTeX Info: Redefining \. on input line 87.
LaTeX Info: Redefining \% on input line 87.
 [24

]
\openout2 = `capitulos/introduccion.aux'.


(./capitulos/introduccion.tex
Cap\'{\i }tulo 1.
[1


]
LaTeX Info: Redefining \. on input line 37.
LaTeX Info: Redefining \% on input line 37.
 [2]
Overfull \hbox (6.53307pt too wide) in paragraph at lines 45--46
[]\OT1/cmr/bx/sc/12 ESP32-S3-DevkitC1\OT1/cmr/m/n/12 , mi-cro-con-tro-la-dor co
n sis-te-ma ope-ra-ti-vo \OT1/cmr/m/it/12 FreeR-TOS\OT1/cmr/m/n/12 , pun-
 []

Package svg Info: Last page of `./svg-inkscape/esp_micro_svg-tex.pdf' is 1 on i
nput line 56.
(./svg-inkscape/esp_micro_svg-tex.pdf_tex
<./svg-inkscape/esp_micro_svg-tex.pdf, id=773, page=1, 313.17003pt x 239.39436p
t>
File: ./svg-inkscape/esp_micro_svg-tex.pdf Graphic file (type pdf)
<use ./svg-inkscape/esp_micro_svg-tex.pdf, page 1>
Package pdftex.def Info: ./svg-inkscape/esp_micro_svg-tex.pdf , page1 used on i
nput line 56.
(pdftex.def)             Requested size: 192.0548pt x 146.8157pt.
)
Package svg Info: Last page of `./svg-inkscape/nema15_svg-tex.pdf' is 1 on inpu
t line 60.

(./svg-inkscape/nema15_svg-tex.pdf_tex
<./svg-inkscape/nema15_svg-tex.pdf, id=775, page=1, 193.47281pt x 147.55125pt>
File: ./svg-inkscape/nema15_svg-tex.pdf Graphic file (type pdf)
<use ./svg-inkscape/nema15_svg-tex.pdf, page 1>
Package pdftex.def Info: ./svg-inkscape/nema15_svg-tex.pdf , page1 used on inpu
t line 56.
(pdftex.def)             Requested size: 192.0548pt x 146.47243pt.
)
Package svg Info: Last page of `./svg-inkscape/nema17_svg-tex.pdf' is 1 on inpu
t line 63.
 (./svg-inkscape/nema17_svg-tex.pdf_tex
<./svg-inkscape/nema17_svg-tex.pdf, id=777, page=1, 139.27031pt x 154.32657pt>
File: ./svg-inkscape/nema17_svg-tex.pdf Graphic file (type pdf)
<use ./svg-inkscape/nema17_svg-tex.pdf, page 1>
Package pdftex.def Info: ./svg-inkscape/nema17_svg-tex.pdf , page1 used on inpu
t line 56.
(pdftex.def)             Requested size: 192.0548pt x 212.82251pt.
)
Package svg Info: Last page of `./svg-inkscape/cncdriver_svg-tex.pdf' is 1 on i
nput line 67.
(./svg-inkscape/cncdriver_svg-tex.pdf_tex
<./svg-inkscape/cncdriver_svg-tex.pdf, id=779, page=1, 536.0025pt x 328.22626pt
>
File: ./svg-inkscape/cncdriver_svg-tex.pdf Graphic file (type pdf)
<use ./svg-inkscape/cncdriver_svg-tex.pdf, page 1>
Package pdftex.def Info: ./svg-inkscape/cncdriver_svg-tex.pdf , page1 used on i
nput line 56.
(pdftex.def)             Requested size: 192.0548pt x 117.60542pt.
)
Package svg Info: Last page of `./svg-inkscape/buck_svg-tex.pdf' is 1 on input 
line 70.
 (./svg-inkscape/buck_svg-tex.pdf_tex
<./svg-inkscape/buck_svg-tex.pdf, id=781, page=1, 392.21532pt x 371.1366pt>
File: ./svg-inkscape/buck_svg-tex.pdf Graphic file (type pdf)
<use ./svg-inkscape/buck_svg-tex.pdf, page 1>
Package pdftex.def Info: ./svg-inkscape/buck_svg-tex.pdf , page1 used on input 
line 56.
(pdftex.def)             Requested size: 192.0548pt x 181.73393pt.
)
LaTeX Info: Redefining \. on input line 85.
LaTeX Info: Redefining \% on input line 85.
 [3]
Package svg Info: Last page of `./svg-inkscape/ventana_svg-tex.pdf' is 1 on inp
ut line 94.
 (./svg-inkscape/ventana_svg-tex.pdf_tex
<./svg-inkscape/ventana_svg-tex.pdf, id=794, page=1, 492.3394pt x 408.02434pt>
File: ./svg-inkscape/ventana_svg-tex.pdf Graphic file (type pdf)
<use ./svg-inkscape/ventana_svg-tex.pdf, page 1>
Package pdftex.def Info: ./svg-inkscape/ventana_svg-tex.pdf , page1 used on inp
ut line 56.
(pdftex.def)             Requested size: 405.45047pt x 336.03278pt.
))
LaTeX Info: Redefining \. on input line 89.
LaTeX Info: Redefining \% on input line 89.
 [4]
LaTeX Info: Redefining \. on input line 89.
LaTeX Info: Redefining \% on input line 89.
 [5 <./svg-inkscape/esp_micro_svg-tex.pdf> <./svg-inkscape/nema15_svg-tex.pdf

pdfTeX warning: pdflatex.exe (file ./svg-inkscape/nema15_svg-tex.pdf): PDF incl
usion: multiple pdfs with page group included in a single page
> <./svg-inkscape/nema17_svg-tex.pdf

pdfTeX warning: pdflatex.exe (file ./svg-inkscape/nema17_svg-tex.pdf): PDF incl
usion: multiple pdfs with page group included in a single page
> <./svg-inkscape/cncdriver_svg-tex.pdf

pdfTeX warning: pdflatex.exe (file ./svg-inkscape/cncdriver_svg-tex.pdf): PDF i
nclusion: multiple pdfs with page group included in a single page
> <./svg-inkscape/buck_svg-tex.pdf

pdfTeX warning: pdflatex.exe (file ./svg-inkscape/buck_svg-tex.pdf): PDF inclus
ion: multiple pdfs with page group included in a single page
>]
LaTeX Info: Redefining \. on input line 89.
LaTeX Info: Redefining \% on input line 89.
 [6 <./svg-inkscape/ventana_svg-tex.pdf>]
\openout2 = `capitulos/marcoteorico.aux'.

 (./capitulos/marcoteorico.tex
Cap\'{\i }tulo 2.
Package svg Info: Last page of `./svg-inkscape/orbita_tierra_svg-tex.pdf' is 1 
on input line 12.
(./svg-inkscape/orbita_tierra_svg-tex.pdf_tex
<./svg-inkscape/orbita_tierra_svg-tex.pdf, id=839, page=1, 619.33826pt x 301.34
929pt>
File: ./svg-inkscape/orbita_tierra_svg-tex.pdf Graphic file (type pdf)
<use ./svg-inkscape/orbita_tierra_svg-tex.pdf, page 1>
Package pdftex.def Info: ./svg-inkscape/orbita_tierra_svg-tex.pdf , page1 used 
on input line 56.
(pdftex.def)             Requested size: 384.1096pt x 186.89899pt.
)
Package svg Info: Last page of `./svg-inkscape/Variacion_rad_ext_svg-tex.pdf' i
s 1 on input line 14.

(./svg-inkscape/Variacion_rad_ext_svg-tex.pdf_tex
<./svg-inkscape/Variacion_rad_ext_svg-tex.pdf, id=841, page=1, 599.82652pt x 40
9.09662pt>
File: ./svg-inkscape/Variacion_rad_ext_svg-tex.pdf Graphic file (type pdf)
<use ./svg-inkscape/Variacion_rad_ext_svg-tex.pdf, page 1>
Package pdftex.def Info: ./svg-inkscape/Variacion_rad_ext_svg-tex.pdf , page1 u
sed on input line 56.
(pdftex.def)             Requested size: 204.85802pt x 139.71523pt.
)
Package svg Info: Last page of `./svg-inkscape/declinacion_svg-tex.pdf' is 1 on
 input line 15.

(./svg-inkscape/declinacion_svg-tex.pdf_tex
<./svg-inkscape/declinacion_svg-tex.pdf, id=843, page=1, 609.14386pt x 418.0143
pt>
File: ./svg-inkscape/declinacion_svg-tex.pdf Graphic file (type pdf)
<use ./svg-inkscape/declinacion_svg-tex.pdf, page 1>
Package pdftex.def Info: ./svg-inkscape/declinacion_svg-tex.pdf , page1 used on
 input line 56.
(pdftex.def)             Requested size: 204.85802pt x 140.5794pt.
) [7




]
LaTeX Info: Redefining \. on input line 34.
LaTeX Info: Redefining \% on input line 34.
 [8 <./svg-inkscape/orbita_tierra_svg-tex.pdf> <./svg-inkscape/Variacion_rad_ex
t_svg-tex.pdf

pdfTeX warning: pdflatex.exe (file ./svg-inkscape/Variacion_rad_ext_svg-tex.pdf
): PDF inclusion: multiple pdfs with page group included in a single page
> <./svg-inkscape/declinacion_svg-tex.pdf

pdfTeX warning: pdflatex.exe (file ./svg-inkscape/declinacion_svg-tex.pdf): PDF
 inclusion: multiple pdfs with page group included in a single page
>]
Package svg Info: Last page of `./svg-inkscape/solar_angles_svg-tex.pdf' is 1 o
n input line 57.
 (./svg-inkscape/solar_angles_svg-tex.pdf_tex
<./svg-inkscape/solar_angles_svg-tex.pdf, id=875, page=1, 255.50275pt x 204.802
3pt>
File: ./svg-inkscape/solar_angles_svg-tex.pdf Graphic file (type pdf)
<use ./svg-inkscape/solar_angles_svg-tex.pdf, page 1>
Package pdftex.def Info: ./svg-inkscape/solar_angles_svg-tex.pdf , page1 used o
n input line 56.
(pdftex.def)             Requested size: 256.07741pt x 205.2643pt.
)
Package svg Info: Last page of `./svg-inkscape/solar_angles_b_svg-tex.pdf' is 1
 on input line 58.

(./svg-inkscape/solar_angles_b_svg-tex.pdf_tex
<./svg-inkscape/solar_angles_b_svg-tex.pdf, id=877, page=1, 558.58687pt x 545.0
3625pt>
File: ./svg-inkscape/solar_angles_b_svg-tex.pdf Graphic file (type pdf)
<use ./svg-inkscape/solar_angles_b_svg-tex.pdf, page 1>
Package pdftex.def Info: ./svg-inkscape/solar_angles_b_svg-tex.pdf , page1 used
 on input line 56.
(pdftex.def)             Requested size: 162.18279pt x 158.24774pt.
)
LaTeX Info: Redefining \. on input line 66.
LaTeX Info: Redefining \% on input line 66.
 [9 <./svg-inkscape/solar_angles_svg-tex.pdf> <./svg-inkscape/solar_angles_b_sv
g-tex.pdf

pdfTeX warning: pdflatex.exe (file ./svg-inkscape/solar_angles_b_svg-tex.pdf): 
PDF inclusion: multiple pdfs with page group included in a single page
>]
LaTeX Info: Redefining \. on input line 95.
LaTeX Info: Redefining \% on input line 95.
 [10]
LaTeX Info: Redefining \. on input line 145.
LaTeX Info: Redefining \% on input line 145.
 [11]
Package svg Info: Last page of `./svg-inkscape/Flujograma_calc_AOI_svg-tex.pdf'
 is 1 on input line 185.
 (./svg-inkscape/Flujograma_calc_AOI_svg-tex.pdf_tex
<./svg-inkscape/Flujograma_calc_AOI_svg-tex.pdf, id=927, page=1, 548.60445pt x 
199.91655pt>
File: ./svg-inkscape/Flujograma_calc_AOI_svg-tex.pdf Graphic file (type pdf)
<use ./svg-inkscape/Flujograma_calc_AOI_svg-tex.pdf, page 1>
Package pdftex.def Info: ./svg-inkscape/Flujograma_calc_AOI_svg-tex.pdf , page1
 used on input line 56.
(pdftex.def)             Requested size: 341.43437pt x 124.42284pt.
)
Underfull \hbox (badness 1253) in paragraph at lines 234--234
[]\OT1/cmr/m/n/10 Tiempo so-lar ver-
 []


LaTeX Warning: Reference `sec:fresnel' on page 12 undefined on input line 252.

LaTeX Info: Redefining \. on input line 253.
LaTeX Info: Redefining \% on input line 253.
[12 <./svg-inkscape/Flujograma_calc_AOI_svg-tex.pdf>]
LaTeX Info: Redefining \. on input line 258.
LaTeX Info: Redefining \% on input line 258.
 [13]
LaTeX Info: Redefining \. on input line 308.
LaTeX Info: Redefining \% on input line 308.
 [14]
Package svg Info: Last page of `./svg-inkscape/Orientacion_Ventana_svg-tex.pdf'
 is 2 on input line 339.

(./svg-inkscape/Orientacion_Ventana_svg-tex.pdf_tex
<./svg-inkscape/Orientacion_Ventana_svg-tex.pdf, id=962, page=1, 172.645pt x 15
4.5775pt>
File: ./svg-inkscape/Orientacion_Ventana_svg-tex.pdf Graphic file (type pdf)
<use ./svg-inkscape/Orientacion_Ventana_svg-tex.pdf, page 1>
Package pdftex.def Info: ./svg-inkscape/Orientacion_Ventana_svg-tex.pdf , page1
 used on input line 56.
(pdftex.def)             Requested size: 192.0548pt x 171.95805pt.
<./svg-inkscape/Orientacion_Ventana_svg-tex.pdf, id=963, page=2, 172.645pt x 15
4.5775pt>
File: ./svg-inkscape/Orientacion_Ventana_svg-tex.pdf Graphic file (type pdf)
<use ./svg-inkscape/Orientacion_Ventana_svg-tex.pdf, page 2>
Package pdftex.def Info: ./svg-inkscape/Orientacion_Ventana_svg-tex.pdf , page2
 used on input line 61.
(pdftex.def)             Requested size: 192.0548pt x 171.95805pt.
)
LaTeX Info: Redefining \. on input line 348.
LaTeX Info: Redefining \% on input line 348.
 [15 <./svg-inkscape/Orientacion_Ventana_svg-tex.pdf> <./svg-inkscape/Orientaci
on_Ventana_svg-tex.pdf

pdfTeX warning: pdflatex.exe (file ./svg-inkscape/Orientacion_Ventana_svg-tex.p
df): PDF inclusion: multiple pdfs with page group included in a single page
>]
LaTeX Info: Redefining \. on input line 396.
LaTeX Info: Redefining \% on input line 396.
 [16]
Package svg Info: Last page of `./svg-inkscape/celula_svg-tex.pdf' is 1 on inpu
t line 407.
 (./svg-inkscape/celula_svg-tex.pdf_tex
<./svg-inkscape/celula_svg-tex.pdf, id=1005, page=1, 569.54443pt x 272.41937pt>

File: ./svg-inkscape/celula_svg-tex.pdf Graphic file (type pdf)
<use ./svg-inkscape/celula_svg-tex.pdf, page 1>
Package pdftex.def Info: ./svg-inkscape/celula_svg-tex.pdf , page1 used on inpu
t line 56.
(pdftex.def)             Requested size: 341.43437pt x 163.31154pt.
)
LaTeX Info: Redefining \. on input line 419.
LaTeX Info: Redefining \% on input line 419.
 [17 <./svg-inkscape/celula_svg-tex.pdf>]
Package svg Info: Last page of `./svg-inkscape/n_tipe_svg-tex.pdf' is 1 on inpu
t line 431.
 (./svg-inkscape/n_tipe_svg-tex.pdf_tex
<./svg-inkscape/n_tipe_svg-tex.pdf, id=1019, page=1, 524.61737pt x 428.83356pt>

File: ./svg-inkscape/n_tipe_svg-tex.pdf Graphic file (type pdf)
<use ./svg-inkscape/n_tipe_svg-tex.pdf, page 1>
Package pdftex.def Info: ./svg-inkscape/n_tipe_svg-tex.pdf , page1 used on inpu
t line 56.
(pdftex.def)             Requested size: 204.85802pt x 167.4538pt.
)
Package svg Info: Last page of `./svg-inkscape/p_tipe_svg-tex.pdf' is 1 on inpu
t line 432.

(./svg-inkscape/p_tipe_svg-tex.pdf_tex
<./svg-inkscape/p_tipe_svg-tex.pdf, id=1021, page=1, 481.1703pt x 415.8394pt>
File: ./svg-inkscape/p_tipe_svg-tex.pdf Graphic file (type pdf)
<use ./svg-inkscape/p_tipe_svg-tex.pdf, page 1>
Package pdftex.def Info: ./svg-inkscape/p_tipe_svg-tex.pdf , page1 used on inpu
t line 56.
(pdftex.def)             Requested size: 204.85802pt x 177.04349pt.
)
Package svg Info: Last page of `./svg-inkscape/p_n_split_svg-tex.pdf' is 1 on i
nput line 434.

(./svg-inkscape/p_n_split_svg-tex.pdf_tex
<./svg-inkscape/p_n_split_svg-tex.pdf, id=1023, page=1, 485.07144pt x 326.1827p
t>
File: ./svg-inkscape/p_n_split_svg-tex.pdf Graphic file (type pdf)
<use ./svg-inkscape/p_n_split_svg-tex.pdf, page 1>
Package pdftex.def Info: ./svg-inkscape/p_n_split_svg-tex.pdf , page1 used on i
nput line 56.
(pdftex.def)             Requested size: 213.39568pt x 143.49593pt.
)
LaTeX Info: Redefining \. on input line 448.
LaTeX Info: Redefining \% on input line 448.
 [18]
LaTeX Info: Redefining \. on input line 452.
LaTeX Info: Redefining \% on input line 452.
 [19 <./svg-inkscape/n_tipe_svg-tex.pdf> <./svg-inkscape/p_tipe_svg-tex.pdf

pdfTeX warning: pdflatex.exe (file ./svg-inkscape/p_tipe_svg-tex.pdf): PDF incl
usion: multiple pdfs with page group included in a single page
> <./svg-inkscape/p_n_split_svg-tex.pdf

pdfTeX warning: pdflatex.exe (file ./svg-inkscape/p_n_split_svg-tex.pdf): PDF i
nclusion: multiple pdfs with page group included in a single page
>]
Package svg Info: Last page of `./svg-inkscape/deplexion_svg-tex.pdf' is 1 on i
nput line 466.
 (./svg-inkscape/deplexion_svg-tex.pdf_tex
<./svg-inkscape/deplexion_svg-tex.pdf, id=1058, page=1, 442.65375pt x 418.56375
pt>
File: ./svg-inkscape/deplexion_svg-tex.pdf Graphic file (type pdf)
<use ./svg-inkscape/deplexion_svg-tex.pdf, page 1>
Package pdftex.def Info: ./svg-inkscape/deplexion_svg-tex.pdf , page1 used on i
nput line 56.
(pdftex.def)             Requested size: 298.75264pt x 282.50555pt.
)
Package svg Info: Last page of `./svg-inkscape/pol_directa_svg-tex.pdf' is 1 on
 input line 469.

(./svg-inkscape/pol_directa_svg-tex.pdf_tex
<./svg-inkscape/pol_directa_svg-tex.pdf, id=1060, page=1, 449.1735pt x 214.2437
1pt>
File: ./svg-inkscape/pol_directa_svg-tex.pdf Graphic file (type pdf)
<use ./svg-inkscape/pol_directa_svg-tex.pdf, page 1>
Package pdftex.def Info: ./svg-inkscape/pol_directa_svg-tex.pdf , page1 used on
 input line 56.
(pdftex.def)             Requested size: 204.85802pt x 97.70987pt.
)
Package svg Info: Last page of `./svg-inkscape/pol_inversa_svg-tex.pdf' is 1 on
 input line 471.

(./svg-inkscape/pol_inversa_svg-tex.pdf_tex
<./svg-inkscape/pol_inversa_svg-tex.pdf, id=1062, page=1, 361.35pt x 240.9pt>
File: ./svg-inkscape/pol_inversa_svg-tex.pdf Graphic file (type pdf)
<use ./svg-inkscape/pol_inversa_svg-tex.pdf, page 1>
Package pdftex.def Info: ./svg-inkscape/pol_inversa_svg-tex.pdf , page1 used on
 input line 56.
(pdftex.def)             Requested size: 204.85802pt x 136.5719pt.
)
Package svg Info: Last page of `./svg-inkscape/corriente_iluminacion_svg-tex.pd
f' is 1 on input line 495.

(./svg-inkscape/corriente_iluminacion_svg-tex.pdf_tex
<./svg-inkscape/corriente_iluminacion_svg-tex.pdf, id=1066, page=1, 574.92447pt
 x 338.56808pt>
File: ./svg-inkscape/corriente_iluminacion_svg-tex.pdf Graphic file (type pdf)
<use ./svg-inkscape/corriente_iluminacion_svg-tex.pdf, page 1>
Package pdftex.def Info: ./svg-inkscape/corriente_iluminacion_svg-tex.pdf , pag
e1 used on input line 56.
(pdftex.def)             Requested size: 320.0935pt x 188.5016pt.
)
Package svg Info: Last page of `./svg-inkscape/perdidas_iluminacion_svg-tex.pdf
' is 1 on input line 501.

(./svg-inkscape/perdidas_iluminacion_svg-tex.pdf_tex
<./svg-inkscape/perdidas_iluminacion_svg-tex.pdf, id=1068, page=1, 541.44054pt 
x 382.73541pt>
File: ./svg-inkscape/perdidas_iluminacion_svg-tex.pdf Graphic file (type pdf)
<use ./svg-inkscape/perdidas_iluminacion_svg-tex.pdf, page 1>
Package pdftex.def Info: ./svg-inkscape/perdidas_iluminacion_svg-tex.pdf , page
1 used on input line 56.
(pdftex.def)             Requested size: 320.0935pt x 226.26746pt.
)
LaTeX Info: Redefining \. on input line 519.
LaTeX Info: Redefining \% on input line 519.
 [20]
LaTeX Info: Redefining \. on input line 556.
LaTeX Info: Redefining \% on input line 556.
 [21]
<figuras/curva_iv.pdf, id=1094, 433.62pt x 325.215pt>
File: figuras/curva_iv.pdf Graphic file (type pdf)
<use figuras/curva_iv.pdf>
Package pdftex.def Info: figuras/curva_iv.pdf  used on input line 571.
(pdftex.def)             Requested size: 362.77525pt x 272.09694pt.
<figuras/curva_iv_t_pdf.pdf, id=1095, 561.09625pt x 433.62pt>
File: figuras/curva_iv_t_pdf.pdf Graphic file (type pdf)
<use figuras/curva_iv_t_pdf.pdf>
Package pdftex.def Info: figuras/curva_iv_t_pdf.pdf  used on input line 575.
(pdftex.def)             Requested size: 204.85802pt x 158.31299pt.
<figuras/CurvaIV_irradiancia_pdf.pdf, id=1096, 561.09625pt x 433.62pt>
File: figuras/CurvaIV_irradiancia_pdf.pdf Graphic file (type pdf)
<use figuras/CurvaIV_irradiancia_pdf.pdf>
Package pdftex.def Info: figuras/CurvaIV_irradiancia_pdf.pdf  used on input lin
e 578.
(pdftex.def)             Requested size: 204.85802pt x 158.31299pt.
<figuras/CurvaPV_t.pdf, id=1097, 561.09625pt x 433.62pt>
File: figuras/CurvaPV_t.pdf Graphic file (type pdf)
<use figuras/CurvaPV_t.pdf>
Package pdftex.def Info: figuras/CurvaPV_t.pdf  used on input line 582.
(pdftex.def)             Requested size: 204.85802pt x 158.31299pt.
<figuras/CurvaPV_irradiancia.pdf, id=1098, 561.09625pt x 433.62pt>
File: figuras/CurvaPV_irradiancia.pdf Graphic file (type pdf)
<use figuras/CurvaPV_irradiancia.pdf>
Package pdftex.def Info: figuras/CurvaPV_irradiancia.pdf  used on input line 58
5.
(pdftex.def)             Requested size: 204.85802pt x 158.31299pt.
LaTeX Info: Redefining \. on input line 600.
LaTeX Info: Redefining \% on input line 600.
 [22]
LaTeX Info: Redefining \. on input line 600.
LaTeX Info: Redefining \% on input line 600.
 [23 <./svg-inkscape/deplexion_svg-tex.pdf> <./svg-inkscape/pol_directa_svg-tex
.pdf

pdfTeX warning: pdflatex.exe (file ./svg-inkscape/pol_directa_svg-tex.pdf): PDF
 inclusion: multiple pdfs with page group included in a single page
> <./svg-inkscape/pol_inversa_svg-tex.pdf

pdfTeX warning: pdflatex.exe (file ./svg-inkscape/pol_inversa_svg-tex.pdf): PDF
 inclusion: multiple pdfs with page group included in a single page
>]
LaTeX Info: Redefining \. on input line 600.
LaTeX Info: Redefining \% on input line 600.
 [24 <./svg-inkscape/corriente_iluminacion_svg-tex.pdf> <./svg-inkscape/perdida
s_iluminacion_svg-tex.pdf

pdfTeX warning: pdflatex.exe (file ./svg-inkscape/perdidas_iluminacion_svg-tex.
pdf): PDF inclusion: multiple pdfs with page group included in a single page
>]
LaTeX Info: Redefining \. on input line 600.
LaTeX Info: Redefining \% on input line 600.
 [25 <./figuras/curva_iv.pdf> <./figuras/curva_iv_t_pdf.pdf> <./figuras/CurvaIV
_irradiancia_pdf.pdf> <./figuras/CurvaPV_t.pdf> <./figuras/CurvaPV_irradiancia.
pdf>]
Package svg Info: Last page of `./svg-inkscape/circuito_equicalente_svg-tex.pdf
' is 1 on input line 606.
 (./svg-inkscape/circuito_equicalente_svg-tex.pdf_tex
<./svg-inkscape/circuito_equicalente_svg-tex.pdf, id=1176, page=1, 453.19313pt 
x 261.22594pt>
File: ./svg-inkscape/circuito_equicalente_svg-tex.pdf Graphic file (type pdf)
<use ./svg-inkscape/circuito_equicalente_svg-tex.pdf, page 1>
Package pdftex.def Info: ./svg-inkscape/circuito_equicalente_svg-tex.pdf , page
1 used on input line 56.
(pdftex.def)             Requested size: 341.43437pt x 196.80783pt.
)
<figuras/conexioens_celulas.pdf, id=1179, 597.50786pt x 845.04686pt>
File: figuras/conexioens_celulas.pdf Graphic file (type pdf)
<use figuras/conexioens_celulas.pdf>
Package pdftex.def Info: figuras/conexioens_celulas.pdf  used on input line 628
.
(pdftex.def)             Requested size: 384.1096pt x 252.87083pt.
LaTeX Info: Redefining \. on input line 636.
LaTeX Info: Redefining \% on input line 636.
 [26

 <./svg-inkscape/circuito_equicalente_svg-tex.pdf>]
LaTeX Info: Redefining \. on input line 650.
LaTeX Info: Redefining \% on input line 650.
 [27 <./figuras/conexioens_celulas.pdf>]

LaTeX Warning: Reference `' on page 28 undefined on input line 666.

LaTeX Info: Redefining \. on input line 674.
LaTeX Info: Redefining \% on input line 674.
[28]

LaTeX Warning: Command \textendash invalid in math mode on input line 690.

Package svg Info: Last page of `./svg-inkscape/array_repsol_svg-tex.pdf' is 1 o
n input line 700.
(./svg-inkscape/array_repsol_svg-tex.pdf_tex
<./svg-inkscape/array_repsol_svg-tex.pdf, id=1218, page=1, 963.6pt x 578.16pt>
File: ./svg-inkscape/array_repsol_svg-tex.pdf Graphic file (type pdf)
<use ./svg-inkscape/array_repsol_svg-tex.pdf, page 1>
Package pdftex.def Info: ./svg-inkscape/array_repsol_svg-tex.pdf , page1 used o
n input line 56.
(pdftex.def)             Requested size: 192.0548pt x 115.23296pt.
)
Package svg Info: Last page of `./svg-inkscape/seguidor_bifacial_svg-tex.pdf' i
s 1 on input line 704.

(./svg-inkscape/seguidor_bifacial_svg-tex.pdf_tex
<./svg-inkscape/seguidor_bifacial_svg-tex.pdf, id=1220, page=1, 1204.5pt x 903.
375pt>
File: ./svg-inkscape/seguidor_bifacial_svg-tex.pdf Graphic file (type pdf)
<use ./svg-inkscape/seguidor_bifacial_svg-tex.pdf, page 1>
Package pdftex.def Info: ./svg-inkscape/seguidor_bifacial_svg-tex.pdf , page1 u
sed on input line 56.
(pdftex.def)             Requested size: 192.0548pt x 144.03293pt.
)

LaTeX Warning: `h' float specifier changed to `ht'.

LaTeX Info: Redefining \. on input line 713.
LaTeX Info: Redefining \% on input line 713.
[29]
Underfull \vbox (badness 1430) has occurred while \output is active []

LaTeX Info: Redefining \. on input line 728.
LaTeX Info: Redefining \% on input line 728.
 [30 <./svg-inkscape/array_repsol_svg-tex.pdf> <./svg-inkscape/seguidor_bifacia
l_svg-tex.pdf

pdfTeX warning: pdflatex.exe (file ./svg-inkscape/seguidor_bifacial_svg-tex.pdf
): PDF inclusion: multiple pdfs with page group included in a single page
>]
Package svg Info: Last page of `./svg-inkscape/delgada_convergente_svg-tex.pdf'
 is 1 on input line 739.
 (./svg-inkscape/delgada_convergente_svg-tex.pdf_tex
<./svg-inkscape/delgada_convergente_svg-tex.pdf, id=1252, page=1, 299.61937pt x
 347.0466pt>
File: ./svg-inkscape/delgada_convergente_svg-tex.pdf Graphic file (type pdf)
<use ./svg-inkscape/delgada_convergente_svg-tex.pdf, page 1>
Package pdftex.def Info: ./svg-inkscape/delgada_convergente_svg-tex.pdf , page1
 used on input line 56.
(pdftex.def)             Requested size: 192.0548pt x 222.45856pt.
)
Package svg Info: Last page of `./svg-inkscape/delgada_divergente_svg-tex.pdf' 
is 1 on input line 742.

(./svg-inkscape/delgada_divergente_svg-tex.pdf_tex
<./svg-inkscape/delgada_divergente_svg-tex.pdf, id=1254, page=1, 303.38344pt x 
342.52966pt>
File: ./svg-inkscape/delgada_divergente_svg-tex.pdf Graphic file (type pdf)
<use ./svg-inkscape/delgada_divergente_svg-tex.pdf, page 1>
Package pdftex.def Info: ./svg-inkscape/delgada_divergente_svg-tex.pdf , page1 
used on input line 56.
(pdftex.def)             Requested size: 192.0548pt x 216.84013pt.
)
LaTeX Info: Redefining \. on input line 749.
LaTeX Info: Redefining \% on input line 749.
 [31 <./svg-inkscape/delgada_convergente_svg-tex.pdf> <./svg-inkscape/delgada_d
ivergente_svg-tex.pdf

pdfTeX warning: pdflatex.exe (file ./svg-inkscape/delgada_divergente_svg-tex.pd
f): PDF inclusion: multiple pdfs with page group included in a single page
>]
LaTeX Info: Redefining \. on input line 783.
LaTeX Info: Redefining \% on input line 783.
 [32]
Package svg Info: Last page of `./svg-inkscape/fresnelvsdelgada_svg-tex.pdf' is
 1 on input line 806.
 (./svg-inkscape/fresnelvsdelgada_svg-tex.pdf_tex
<./svg-inkscape/fresnelvsdelgada_svg-tex.pdf, id=1283, page=1, 352.31625pt x 28
4.56313pt>
File: ./svg-inkscape/fresnelvsdelgada_svg-tex.pdf Graphic file (type pdf)
<use ./svg-inkscape/fresnelvsdelgada_svg-tex.pdf, page 1>
Package pdftex.def Info: ./svg-inkscape/fresnelvsdelgada_svg-tex.pdf , page1 us
ed on input line 56.
(pdftex.def)             Requested size: 192.0548pt x 155.12073pt.
)
Package svg Info: Last page of `./svg-inkscape/fresnel_faro_con_svg-tex.pdf' is
 1 on input line 809.

(./svg-inkscape/fresnel_faro_con_svg-tex.pdf_tex
<./svg-inkscape/fresnel_faro_con_svg-tex.pdf, id=1285, page=1, 501.35457pt x 49
8.5524pt>
File: ./svg-inkscape/fresnel_faro_con_svg-tex.pdf Graphic file (type pdf)
<use ./svg-inkscape/fresnel_faro_con_svg-tex.pdf, page 1>
Package pdftex.def Info: ./svg-inkscape/fresnel_faro_con_svg-tex.pdf , page1 us
ed on input line 56.
(pdftex.def)             Requested size: 192.0548pt x 190.98094pt.
)
Package svg Info: Last page of `./svg-inkscape/fresnel_lineal_svg-tex.pdf' is 1
 on input line 813.

(./svg-inkscape/fresnel_lineal_svg-tex.pdf_tex
<./svg-inkscape/fresnel_lineal_svg-tex.pdf, id=1287, page=1, 343.2825pt x 324.4
6222pt>
File: ./svg-inkscape/fresnel_lineal_svg-tex.pdf Graphic file (type pdf)
<use ./svg-inkscape/fresnel_lineal_svg-tex.pdf, page 1>
Package pdftex.def Info: ./svg-inkscape/fresnel_lineal_svg-tex.pdf , page1 used
 on input line 56.
(pdftex.def)             Requested size: 192.0548pt x 181.5243pt.
)
Package svg Info: Last page of `./svg-inkscape/fresnel_concentracion_solarl_svg
-tex.pdf' is 1 on input line 816.

(./svg-inkscape/fresnel_concentracion_solarl_svg-tex.pdf_tex
<./svg-inkscape/fresnel_concentracion_solarl_svg-tex.pdf, id=1289, page=1, 545.
00372pt x 486.74904pt>
File: ./svg-inkscape/fresnel_concentracion_solarl_svg-tex.pdf Graphic file (typ
e pdf)
<use ./svg-inkscape/fresnel_concentracion_solarl_svg-tex.pdf, page 1>
Package pdftex.def Info: ./svg-inkscape/fresnel_concentracion_solarl_svg-tex.pd
f , page1 used on input line 56.
(pdftex.def)             Requested size: 192.0548pt x 171.52335pt.
))
LaTeX Info: Redefining \. on input line 93.
LaTeX Info: Redefining \% on input line 93.
 [33]
LaTeX Info: Redefining \. on input line 93.
LaTeX Info: Redefining \% on input line 93.
 [34 <./svg-inkscape/fresnelvsdelgada_svg-tex.pdf> <./svg-inkscape/fresnel_faro
_con_svg-tex.pdf

pdfTeX warning: pdflatex.exe (file ./svg-inkscape/fresnel_faro_con_svg-tex.pdf)
: PDF inclusion: multiple pdfs with page group included in a single page
> <./svg-inkscape/fresnel_lineal_svg-tex.pdf

pdfTeX warning: pdflatex.exe (file ./svg-inkscape/fresnel_lineal_svg-tex.pdf): 
PDF inclusion: multiple pdfs with page group included in a single page
> <./svg-inkscape/fresnel_concentracion_solarl_svg-tex.pdf

pdfTeX warning: pdflatex.exe (file ./svg-inkscape/fresnel_concentracion_solarl_
svg-tex.pdf): PDF inclusion: multiple pdfs with page group included in a single
 page
>]
\openout2 = `capitulos/estadoarte.aux'.

 (./capitulos/estadoarte.tex
Cap\'{\i }tulo 3.
[35




]
Package svg Info: Last page of `./svg-inkscape/zurich_svg-tex.pdf' is 1 on inpu
t line 20.
 (./svg-inkscape/zurich_svg-tex.pdf_tex
<./svg-inkscape/zurich_svg-tex.pdf, id=1324, page=1, 323.70941pt x 236.38313pt>

File: ./svg-inkscape/zurich_svg-tex.pdf Graphic file (type pdf)
<use ./svg-inkscape/zurich_svg-tex.pdf, page 1>
Package pdftex.def Info: ./svg-inkscape/zurich_svg-tex.pdf , page1 used on inpu
t line 56.
(pdftex.def)             Requested size: 192.0548pt x 140.24393pt.
)
Package svg Info: Last page of `./svg-inkscape/flectosol_svg-tex.pdf' is 1 on i
nput line 23.

(./svg-inkscape/flectosol_svg-tex.pdf_tex
<./svg-inkscape/flectosol_svg-tex.pdf, id=1326, page=1, 402.75468pt x 262.73157
pt>
File: ./svg-inkscape/flectosol_svg-tex.pdf Graphic file (type pdf)
<use ./svg-inkscape/flectosol_svg-tex.pdf, page 1>
Package pdftex.def Info: ./svg-inkscape/flectosol_svg-tex.pdf , page1 used on i
nput line 56.
(pdftex.def)             Requested size: 192.0548pt x 125.28386pt.
)
Package svg Info: Last page of `./svg-inkscape/vidrioscolores_svg-tex.pdf' is 1
 on input line 27.

(./svg-inkscape/vidrioscolores_svg-tex.pdf_tex
<./svg-inkscape/vidrioscolores_svg-tex.pdf, id=1328, page=1, 552.86009pt x 141.
08044pt>
File: ./svg-inkscape/vidrioscolores_svg-tex.pdf Graphic file (type pdf)
<use ./svg-inkscape/vidrioscolores_svg-tex.pdf, page 1>
Package pdftex.def Info: ./svg-inkscape/vidrioscolores_svg-tex.pdf , page1 used
 on input line 56.
(pdftex.def)             Requested size: 405.45047pt x 103.46576pt.
)
LaTeX Info: Redefining \. on input line 34.
LaTeX Info: Redefining \% on input line 34.
 [36 <./svg-inkscape/zurich_svg-tex.pdf> <./svg-inkscape/flectosol_svg-tex.pdf

pdfTeX warning: pdflatex.exe (file ./svg-inkscape/flectosol_svg-tex.pdf): PDF i
nclusion: multiple pdfs with page group included in a single page
> <./svg-inkscape/vidrioscolores_svg-tex.pdf

pdfTeX warning: pdflatex.exe (file ./svg-inkscape/vidrioscolores_svg-tex.pdf): 
PDF inclusion: multiple pdfs with page group included in a single page
>]
pdfTeX warning (ext4): destination with the same identifier (name{subfigure.3.1
.1}) has been already used, duplicate ignored
<to be read again> 
                   \relax 
l.50 	\subfloat
               [Prototipo de vidrio con lentes de fresnel.]{
Package svg Info: Last page of `./svg-inkscape/lente_sistema_svg-tex.pdf' is 1 
on input line 53.

(./svg-inkscape/lente_sistema_svg-tex.pdf_tex
<./svg-inkscape/lente_sistema_svg-tex.pdf, id=1357, page=1, 584.1825pt x 484.81
125pt>
File: ./svg-inkscape/lente_sistema_svg-tex.pdf Graphic file (type pdf)
<use ./svg-inkscape/lente_sistema_svg-tex.pdf, page 1>
Package pdftex.def Info: ./svg-inkscape/lente_sistema_svg-tex.pdf , page1 used 
on input line 56.
(pdftex.def)             Requested size: 192.0548pt x 159.38159pt.
)
pdfTeX warning (ext4): destination with the same identifier (name{subfigure.3.1
.2}) has been already used, duplicate ignored
<to be read again> 
                   \relax 
l.54 	\subfloat
               [Prototipo de panel con clulas comerciales encapsuladas.]{
Package svg Info: Last page of `./svg-inkscape/linear_array_pp_svg-tex.pdf' is 
1 on input line 57.

(./svg-inkscape/linear_array_pp_svg-tex.pdf_tex
<./svg-inkscape/linear_array_pp_svg-tex.pdf, id=1359, page=1, 483.19627pt x 833
.02147pt>
File: ./svg-inkscape/linear_array_pp_svg-tex.pdf Graphic file (type pdf)
<use ./svg-inkscape/linear_array_pp_svg-tex.pdf, page 1>
Package pdftex.def Info: ./svg-inkscape/linear_array_pp_svg-tex.pdf , page1 use
d on input line 56.
(pdftex.def)             Requested size: 192.0548pt x 331.09268pt.
)
pdfTeX warning (ext4): destination with the same identifier (name{subfigure.3.1
.3}) has been already used, duplicate ignored
<to be read again> 
                   \relax 
l.59 	\subfloat
               [Conjunto conceptual.]{
Package svg Info: Last page of `./svg-inkscape/conjunto_svg-tex.pdf' is 1 on in
put line 61.
 (./svg-inkscape/conjunto_svg-tex.pdf_tex
<./svg-inkscape/conjunto_svg-tex.pdf, id=1361, page=1, 586.44093pt x 326.72063p
t>
File: ./svg-inkscape/conjunto_svg-tex.pdf Graphic file (type pdf)
<use ./svg-inkscape/conjunto_svg-tex.pdf, page 1>
Package pdftex.def Info: ./svg-inkscape/conjunto_svg-tex.pdf , page1 used on in
put line 56.
(pdftex.def)             Requested size: 384.1096pt x 213.9961pt.
)
pdfTeX warning (ext4): destination with the same identifier (name{subfigure.3.1
.1}) has been already used, duplicate ignored
<to be read again> 
                   \relax 
l.67 	\subfloat
               [Sistema Helios 3198 para caracterizacin de lentes de fresn...
Package svg Info: Last page of `./svg-inkscape/Helios_caracteriazacion_solar_sv
g-tex.pdf' is 1 on input line 69.
(./svg-inkscape/Helios_caracteriazacion_solar_svg-tex.pdf_tex
<./svg-inkscape/Helios_caracteriazacion_solar_svg-tex.pdf, id=1363, page=1, 590
.82071pt x 405.62886pt>
File: ./svg-inkscape/Helios_caracteriazacion_solar_svg-tex.pdf Graphic file (ty
pe pdf)
<use ./svg-inkscape/Helios_caracteriazacion_solar_svg-tex.pdf, page 1>
Package pdftex.def Info: ./svg-inkscape/Helios_caracteriazacion_solar_svg-tex.p
df , page1 used on input line 56.
(pdftex.def)             Requested size: 277.41176pt x 190.4537pt.
)
pdfTeX warning (ext4): destination with the same identifier (name{subfigure.3.1
.2}) has been already used, duplicate ignored
<to be read again> 
                   \relax 
l.71 	\subfloat
               [Eficiencia de la captura de luz directa.]{
Package svg Info: Last page of `./svg-inkscape/aoil_efeiciencia_svg-tex.pdf' is
 1 on input line 74.

(./svg-inkscape/aoil_efeiciencia_svg-tex.pdf_tex
<./svg-inkscape/aoil_efeiciencia_svg-tex.pdf, id=1365, page=1, 447.92343pt x 35
3.82184pt>
File: ./svg-inkscape/aoil_efeiciencia_svg-tex.pdf Graphic file (type pdf)
<use ./svg-inkscape/aoil_efeiciencia_svg-tex.pdf, page 1>
Package pdftex.def Info: ./svg-inkscape/aoil_efeiciencia_svg-tex.pdf , page1 us
ed on input line 56.
(pdftex.def)             Requested size: 192.0548pt x 151.70311pt.
)
pdfTeX warning (ext4): destination with the same identifier (name{subfigure.3.1
.3}) has been already used, duplicate ignored
<to be read again> 
                   \relax 
l.75 	\subfloat
               []{
Package svg Info: Last page of `./svg-inkscape/microtracking_luz_svg-tex.pdf' i
s 1 on input line 78.
 (./svg-inkscape/microtracking_luz_svg-tex.pdf_tex
<./svg-inkscape/microtracking_luz_svg-tex.pdf, id=1367, page=1, 541.09286pt x 3
26.81616pt>
File: ./svg-inkscape/microtracking_luz_svg-tex.pdf Graphic file (type pdf)
<use ./svg-inkscape/microtracking_luz_svg-tex.pdf, page 1>
Package pdftex.def Info: ./svg-inkscape/microtracking_luz_svg-tex.pdf , page1 u
sed on input line 56.
(pdftex.def)             Requested size: 192.0548pt x 115.99811pt.
)
Package svg Info: Last page of `./svg-inkscape/daylighting_svg-tex.pdf' is 1 on
 input line 85.

(./svg-inkscape/daylighting_svg-tex.pdf_tex
<./svg-inkscape/daylighting_svg-tex.pdf, id=1371, page=1, 564.58536pt x 203.675
7pt>
File: ./svg-inkscape/daylighting_svg-tex.pdf Graphic file (type pdf)
<use ./svg-inkscape/daylighting_svg-tex.pdf, page 1>
Package pdftex.def Info: ./svg-inkscape/daylighting_svg-tex.pdf , page1 used on
 input line 56.
(pdftex.def)             Requested size: 284.673pt x 102.69847pt.
)
Package svg Info: Last page of `./svg-inkscape/daylighting_glare_svg-tex.pdf' i
s 1 on input line 94.

(./svg-inkscape/daylighting_glare_svg-tex.pdf_tex
<./svg-inkscape/daylighting_glare_svg-tex.pdf, id=1373, page=1, 365.11406pt x 1
07.65218pt>
File: ./svg-inkscape/daylighting_glare_svg-tex.pdf Graphic file (type pdf)
<use ./svg-inkscape/daylighting_glare_svg-tex.pdf, page 1>
Package pdftex.def Info: ./svg-inkscape/daylighting_glare_svg-tex.pdf , page1 u
sed on input line 56.
(pdftex.def)             Requested size: 213.39568pt x 62.91794pt.
)
Package svg Info: Last page of `./svg-inkscape/conventional_semitransparent_svg
-tex.pdf' is 1 on input line 98.

(./svg-inkscape/conventional_semitransparent_svg-tex.pdf_tex
<./svg-inkscape/conventional_semitransparent_svg-tex.pdf, id=1375, page=1, 424.
58627pt x 319.19247pt>
File: ./svg-inkscape/conventional_semitransparent_svg-tex.pdf Graphic file (typ
e pdf)
<use ./svg-inkscape/conventional_semitransparent_svg-tex.pdf, page 1>
Package pdftex.def Info: ./svg-inkscape/conventional_semitransparent_svg-tex.pd
f , page1 used on input line 56.
(pdftex.def)             Requested size: 192.0548pt x 144.38046pt.
)
Package svg Info: Last page of `./svg-inkscape/smartvsconventional_svg-tex.pdf'
 is 1 on input line 101.

(./svg-inkscape/smartvsconventional_svg-tex.pdf_tex
<./svg-inkscape/smartvsconventional_svg-tex.pdf, id=1377, page=1, 421.575pt x 3
20.69812pt>
File: ./svg-inkscape/smartvsconventional_svg-tex.pdf Graphic file (type pdf)
<use ./svg-inkscape/smartvsconventional_svg-tex.pdf, page 1>
Package pdftex.def Info: ./svg-inkscape/smartvsconventional_svg-tex.pdf , page1
 used on input line 56.
(pdftex.def)             Requested size: 192.0548pt x 146.09892pt.
)
Package svg Info: Last page of `./svg-inkscape/standarwindow_svg-tex.pdf' is 1 
on input line 105.

(./svg-inkscape/standarwindow_svg-tex.pdf_tex
<./svg-inkscape/standarwindow_svg-tex.pdf, id=1379, page=1, 429.10312pt x 319.1
9247pt>
File: ./svg-inkscape/standarwindow_svg-tex.pdf Graphic file (type pdf)
<use ./svg-inkscape/standarwindow_svg-tex.pdf, page 1>
Package pdftex.def Info: ./svg-inkscape/standarwindow_svg-tex.pdf , page1 used 
on input line 56.
(pdftex.def)             Requested size: 192.0548pt x 142.86087pt.
)
Package svg Info: Last page of `./svg-inkscape/smartvsstandar_svg-tex.pdf' is 1
 on input line 108.

(./svg-inkscape/smartvsstandar_svg-tex.pdf_tex
<./svg-inkscape/smartvsstandar_svg-tex.pdf, id=1381, page=1, 428.35031pt x 321.
45094pt>
File: ./svg-inkscape/smartvsstandar_svg-tex.pdf Graphic file (type pdf)
<use ./svg-inkscape/smartvsstandar_svg-tex.pdf, page 1>
Package pdftex.def Info: ./svg-inkscape/smartvsstandar_svg-tex.pdf , page1 used
 on input line 56.
(pdftex.def)             Requested size: 192.0548pt x 144.12675pt.
)) [37]
LaTeX Info: Redefining \. on input line 95.
LaTeX Info: Redefining \% on input line 95.
 [38 <./svg-inkscape/lente_sistema_svg-tex.pdf> <./svg-inkscape/linear_array_pp
_svg-tex.pdf

pdfTeX warning: pdflatex.exe (file ./svg-inkscape/linear_array_pp_svg-tex.pdf):
 PDF inclusion: multiple pdfs with page group included in a single page
> <./svg-inkscape/conjunto_svg-tex.pdf

pdfTeX warning: pdflatex.exe (file ./svg-inkscape/conjunto_svg-tex.pdf): PDF in
clusion: multiple pdfs with page group included in a single page
>] [39 <./svg-inkscape/Helios_caracteriazacion_solar_svg-tex.pdf> <./svg-inksca
pe/aoil_efeiciencia_svg-tex.pdf

pdfTeX warning: pdflatex.exe (file ./svg-inkscape/aoil_efeiciencia_svg-tex.pdf)
: PDF inclusion: multiple pdfs with page group included in a single page
> <./svg-inkscape/microtracking_luz_svg-tex.pdf

pdfTeX warning: pdflatex.exe (file ./svg-inkscape/microtracking_luz_svg-tex.pdf
): PDF inclusion: multiple pdfs with page group included in a single page
> <./svg-inkscape/daylighting_svg-tex.pdf

pdfTeX warning: pdflatex.exe (file ./svg-inkscape/daylighting_svg-tex.pdf): PDF
 inclusion: multiple pdfs with page group included in a single page
>]
LaTeX Info: Redefining \. on input line 95.
LaTeX Info: Redefining \% on input line 95.
 [40 <./svg-inkscape/daylighting_glare_svg-tex.pdf> <./svg-inkscape/conventiona
l_semitransparent_svg-tex.pdf

pdfTeX warning: pdflatex.exe (file ./svg-inkscape/conventional_semitransparent_
svg-tex.pdf): PDF inclusion: multiple pdfs with page group included in a single
 page
> <./svg-inkscape/smartvsconventional_svg-tex.pdf

pdfTeX warning: pdflatex.exe (file ./svg-inkscape/smartvsconventional_svg-tex.p
df): PDF inclusion: multiple pdfs with page group included in a single page
> <./svg-inkscape/standarwindow_svg-tex.pdf

pdfTeX warning: pdflatex.exe (file ./svg-inkscape/standarwindow_svg-tex.pdf): P
DF inclusion: multiple pdfs with page group included in a single page
> <./svg-inkscape/smartvsstandar_svg-tex.pdf

pdfTeX warning: pdflatex.exe (file ./svg-inkscape/smartvsstandar_svg-tex.pdf): 
PDF inclusion: multiple pdfs with page group included in a single page
>]
\openout2 = `capitulos/presentacionprototipo.aux'.

 (./capitulos/presentacionprototipo.tex
Cap\'{\i }tulo 4.
[41




]
Overfull \hbox (1.15984pt too wide) in paragraph at lines 18--19
[]\OT1/cmr/m/n/12 De es-te mo-do, ca-da pa-so del mo-tor pro-du-ce un des-pla-z
a-mien-to ver-ti-cal de $0[]04 []$
 []

Package svg Info: Last page of `./svg-inkscape/vertical_svg-tex.pdf' is 1 on in
put line 71.
(./svg-inkscape/vertical_svg-tex.pdf_tex
<./svg-inkscape/vertical_svg-tex.pdf, id=1461, page=1, 196.56883pt x 302.74794p
t>
File: ./svg-inkscape/vertical_svg-tex.pdf Graphic file (type pdf)
<use ./svg-inkscape/vertical_svg-tex.pdf, page 1>
Package pdftex.def Info: ./svg-inkscape/vertical_svg-tex.pdf , page1 used on in
put line 56.
(pdftex.def)             Requested size: 204.85802pt x 315.52025pt.
)
Package svg Info: Last page of `./svg-inkscape/lado_svg-tex.pdf' is 1 on input 
line 75.
 (./svg-inkscape/lado_svg-tex.pdf_tex
<./svg-inkscape/lado_svg-tex.pdf, id=1463, page=1, 199.49532pt x 456.95718pt>
File: ./svg-inkscape/lado_svg-tex.pdf Graphic file (type pdf)
<use ./svg-inkscape/lado_svg-tex.pdf, page 1>
Package pdftex.def Info: ./svg-inkscape/lado_svg-tex.pdf , page1 used on input 
line 56.
(pdftex.def)             Requested size: 204.85802pt x 469.26268pt.
)
Package svg Info: Last page of `./svg-inkscape/horizontal_svg-tex.pdf' is 1 on 
input line 81.
(./svg-inkscape/horizontal_svg-tex.pdf_tex
<./svg-inkscape/horizontal_svg-tex.pdf, id=1465, page=1, 348.55219pt x 261.9787
4pt>
File: ./svg-inkscape/horizontal_svg-tex.pdf Graphic file (type pdf)
<use ./svg-inkscape/horizontal_svg-tex.pdf, page 1>
Package pdftex.def Info: ./svg-inkscape/horizontal_svg-tex.pdf , page1 used on 
input line 56.
(pdftex.def)             Requested size: 256.07741pt x 192.4821pt.
)

LaTeX Warning: Float too large for page by 35.38414pt on input line 82.

)
LaTeX Info: Redefining \. on input line 97.
LaTeX Info: Redefining \% on input line 97.
 [42]
LaTeX Info: Redefining \. on input line 97.
LaTeX Info: Redefining \% on input line 97.
 [43 <./svg-inkscape/vertical_svg-tex.pdf> <./svg-inkscape/lado_svg-tex.pdf

pdfTeX warning: pdflatex.exe (file ./svg-inkscape/lado_svg-tex.pdf): PDF inclus
ion: multiple pdfs with page group included in a single page
> <./svg-inkscape/horizontal_svg-tex.pdf

pdfTeX warning: pdflatex.exe (file ./svg-inkscape/horizontal_svg-tex.pdf): PDF 
inclusion: multiple pdfs with page group included in a single page
>]
\openout2 = `capitulos/planteamiento.aux'.

 (./capitulos/planteamiento.tex
LaTeX Info: Redefining \. on input line 1.
LaTeX Info: Redefining \% on input line 1.
 [44




]
Cap\'{\i }tulo 5.

LaTeX Warning: Reference `sec:refsec' on page 45 undefined on input line 19.

[45]
LaTeX Info: Redefining \. on input line 46.
LaTeX Info: Redefining \% on input line 46.
 [46]
LaTeX Info: Redefining \. on input line 69.
LaTeX Info: Redefining \% on input line 69.
 [47]
LaTeX Info: Redefining \. on input line 90.
LaTeX Info: Redefining \% on input line 90.
 [48]
LaTeX Info: Redefining \. on input line 108.
LaTeX Info: Redefining \% on input line 108.
 [49]
LaTeX Info: Redefining \. on input line 128.
LaTeX Info: Redefining \% on input line 128.
 [50]
LaTeX Info: Redefining \. on input line 149.
LaTeX Info: Redefining \% on input line 149.
 [51]
LaTeX Info: Redefining \. on input line 167.
LaTeX Info: Redefining \% on input line 167.
 [52]
LaTeX Info: Redefining \. on input line 183.
LaTeX Info: Redefining \% on input line 183.
 [53]
LaTeX Info: Redefining \. on input line 200.
LaTeX Info: Redefining \% on input line 200.
 [54]
LaTeX Info: Redefining \. on input line 217.
LaTeX Info: Redefining \% on input line 217.
 [55]
LaTeX Info: Redefining \. on input line 233.
LaTeX Info: Redefining \% on input line 233.
 [56])
LaTeX Info: Redefining \. on input line 99.
LaTeX Info: Redefining \% on input line 99.
 [57]
\openout2 = `capitulos/disenio.aux'.


(./capitulos/disenio.tex
LaTeX Info: Redefining \. on input line 1.
LaTeX Info: Redefining \% on input line 1.
 [58




]
Cap\'{\i }tulo 6.
Package svg Info: Last page of `./svg-inkscape/Diseno_electronico_svg-tex.pdf' 
is 1 on input line 20.
(./svg-inkscape/Diseno_electronico_svg-tex.pdf_tex
<./svg-inkscape/Diseno_electronico_svg-tex.pdf, id=1566, page=1, 526.96875pt x 
718.93594pt>
File: ./svg-inkscape/Diseno_electronico_svg-tex.pdf Graphic file (type pdf)
<use ./svg-inkscape/Diseno_electronico_svg-tex.pdf, page 1>
Package pdftex.def Info: ./svg-inkscape/Diseno_electronico_svg-tex.pdf , page1 
used on input line 56.
(pdftex.def)             Requested size: 384.1096pt x 524.06195pt.
) [59]

LaTeX Warning: Hyper reference `' on page 60 undefined on input line 30.


LaTeX Warning: Reference `' on page 60 undefined on input line 30.

LaTeX Info: Redefining \. on input line 36.
LaTeX Info: Redefining \% on input line 36.
[60]
LaTeX Info: Redefining \. on input line 36.
LaTeX Info: Redefining \% on input line 36.
 [61 <./svg-inkscape/Diseno_electronico_svg-tex.pdf>]
LaTeX Info: Redefining \. on input line 55.
LaTeX Info: Redefining \% on input line 55.
 [62

]
Package svg Info: Last page of `./svg-inkscape/functional_architecture_svg-tex.
pdf' is 1 on input line 75.

(./svg-inkscape/functional_architecture_svg-tex.pdf_tex
<./svg-inkscape/functional_architecture_svg-tex.pdf, id=1591, page=1, 632.3625p
t x 729.47531pt>
File: ./svg-inkscape/functional_architecture_svg-tex.pdf Graphic file (type pdf
)
<use ./svg-inkscape/functional_architecture_svg-tex.pdf, page 1>
Package pdftex.def Info: ./svg-inkscape/functional_architecture_svg-tex.pdf , p
age1 used on input line 56.
(pdftex.def)             Requested size: 384.1096pt x 443.1093pt.
)
LaTeX Info: Redefining \. on input line 80.
LaTeX Info: Redefining \% on input line 80.
 [63]
Underfull \vbox (badness 1082) has occurred while \output is active []

LaTeX Info: Redefining \. on input line 89.
LaTeX Info: Redefining \% on input line 89.
 [64 <./svg-inkscape/functional_architecture_svg-tex.pdf>]
<figuras/communication.pdf, id=1607, 578.16pt x 379.4175pt>
File: figuras/communication.pdf Graphic file (type pdf)
<use figuras/communication.pdf>
Package pdftex.def Info: figuras/communication.pdf  used on input line 110.
(pdftex.def)             Requested size: 405.45047pt x 266.07674pt.
<figuras/FSM_plantuml.pdf, id=1608, 1038.88126pt x 477.785pt>
File: figuras/FSM_plantuml.pdf Graphic file (type pdf)
<use figuras/FSM_plantuml.pdf>
Package pdftex.def Info: figuras/FSM_plantuml.pdf  used on input line 118.
(pdftex.def)             Requested size: 405.45047pt x 186.46661pt.
LaTeX Info: Redefining \. on input line 124.
LaTeX Info: Redefining \% on input line 124.
 [65]
<figuras/init_secuence.pdf, id=1615, 602.25pt x 441.65pt>
File: figuras/init_secuence.pdf Graphic file (type pdf)
<use figuras/init_secuence.pdf>
Package pdftex.def Info: figuras/init_secuence.pdf  used on input line 131.
(pdftex.def)             Requested size: 405.45047pt x 297.33937pt.
<figuras/init_secuence_UML.pdf, id=1616, 612.2875pt x 246.9225pt>
File: figuras/init_secuence_UML.pdf Graphic file (type pdf)
<use figuras/init_secuence_UML.pdf>
Package pdftex.def Info: figuras/init_secuence_UML.pdf  used on input line 140.

(pdftex.def)             Requested size: 405.45047pt x 163.50812pt.
<figuras/config_data.pdf, id=1617, 632.3625pt x 528.97626pt>
File: figuras/config_data.pdf Graphic file (type pdf)
<use figuras/config_data.pdf>
Package pdftex.def Info: figuras/config_data.pdf  used on input line 147.
(pdftex.def)             Requested size: 405.45047pt x 339.16515pt.
LaTeX Info: Redefining \. on input line 160.
LaTeX Info: Redefining \% on input line 160.
 [66 <./figuras/communication.pdf>]
LaTeX Info: Redefining \. on input line 161.
LaTeX Info: Redefining \% on input line 161.
 [67 <./figuras/FSM_plantuml.pdf>]
LaTeX Info: Redefining \. on input line 161.
LaTeX Info: Redefining \% on input line 161.
 [68 <./figuras/init_secuence.pdf> <./figuras/init_secuence_UML.pdf

pdfTeX warning: pdflatex.exe (file ./figuras/init_secuence_UML.pdf): PDF inclus
ion: multiple pdfs with page group included in a single page
>]
LaTeX Info: Redefining \. on input line 161.
LaTeX Info: Redefining \% on input line 161.
 [69 <./figuras/config_data.pdf>]
Package svg Info: Last page of `./svg-inkscape/auto_mode_svg-tex.pdf' is 1 on i
nput line 175.
 (./svg-inkscape/auto_mode_svg-tex.pdf_tex
<./svg-inkscape/auto_mode_svg-tex.pdf, id=1676, page=1, 399.99208pt x 388.47716
pt>
File: ./svg-inkscape/auto_mode_svg-tex.pdf Graphic file (type pdf)
<use ./svg-inkscape/auto_mode_svg-tex.pdf, page 1>
Package pdftex.def Info: ./svg-inkscape/auto_mode_svg-tex.pdf , page1 used on i
nput line 56.
(pdftex.def)             Requested size: 384.1096pt x 373.07018pt.
)
<figuras/AutoMode_DFD.pdf, id=1677, 551.05875pt x 302.12875pt>
File: figuras/AutoMode_DFD.pdf Graphic file (type pdf)
<use figuras/AutoMode_DFD.pdf>
Package pdftex.def Info: figuras/AutoMode_DFD.pdf  used on input line 183.
(pdftex.def)             Requested size: 384.1096pt x 210.60353pt.
LaTeX Info: Redefining \. on input line 188.
LaTeX Info: Redefining \% on input line 188.

[70

]
LaTeX Info: Redefining \. on input line 188.
LaTeX Info: Redefining \% on input line 188.
 [71 <./svg-inkscape/auto_mode_svg-tex.pdf> <./figuras/AutoMode_DFD.pdf

pdfTeX warning: pdflatex.exe (file ./figuras/AutoMode_DFD.pdf): PDF inclusion: 
multiple pdfs with page group included in a single page
>]
<figuras/EphMode.pdf, id=1704, 507.8975pt x 295.1025pt>
File: figuras/EphMode.pdf Graphic file (type pdf)
<use figuras/EphMode.pdf>
Package pdftex.def Info: figuras/EphMode.pdf  used on input line 213.
(pdftex.def)             Requested size: 405.45047pt x 235.58699pt.


LaTeX Warning: `h' float specifier changed to `ht'.

<figuras/ManualMode_DOF.pdf, id=1705, 275.0275pt x 62.2325pt>
File: figuras/ManualMode_DOF.pdf Graphic file (type pdf)
<use figuras/ManualMode_DOF.pdf>
Package pdftex.def Info: figuras/ManualMode_DOF.pdf  used on input line 220.
(pdftex.def)             Requested size: 405.45047pt x 91.7532pt.

LaTeX Warning: `h' float specifier changed to `ht'.

<figuras/manual_eph_mode.pdf, id=1706, 436.63126pt x 282.05376pt>
File: figuras/manual_eph_mode.pdf Graphic file (type pdf)
<use figuras/manual_eph_mode.pdf>
Package pdftex.def Info: figuras/manual_eph_mode.pdf  used on input line 226.
(pdftex.def)             Requested size: 405.45047pt x 261.91132pt.

LaTeX Warning: `h' float specifier changed to `ht'.

LaTeX Info: Redefining \. on input line 231.
LaTeX Info: Redefining \% on input line 231.
[72

]
LaTeX Info: Redefining \. on input line 231.
LaTeX Info: Redefining \% on input line 231.
 [73 <./figuras/EphMode.pdf> <./figuras/ManualMode_DOF.pdf

pdfTeX warning: pdflatex.exe (file ./figuras/ManualMode_DOF.pdf): PDF inclusion
: multiple pdfs with page group included in a single page
> <./figuras/manual_eph_mode.pdf

pdfTeX warning: pdflatex.exe (file ./figuras/manual_eph_mode.pdf): PDF inclusio
n: multiple pdfs with page group included in a single page
>]
Package svg Info: Last page of `./svg-inkscape/i_config_svg-tex.pdf' is 1 on in
put line 242.
 (./svg-inkscape/i_config_svg-tex.pdf_tex
<./svg-inkscape/i_config_svg-tex.pdf, id=1743, page=1, 347.0466pt x 590.95781pt
>
File: ./svg-inkscape/i_config_svg-tex.pdf Graphic file (type pdf)
<use ./svg-inkscape/i_config_svg-tex.pdf, page 1>
Package pdftex.def Info: ./svg-inkscape/i_config_svg-tex.pdf , page1 used on in
put line 56.
(pdftex.def)             Requested size: 192.0548pt x 327.04767pt.
)
Package svg Info: Last page of `./svg-inkscape/i_status_svg-tex.pdf' is 1 on in
put line 246.

(./svg-inkscape/i_status_svg-tex.pdf_tex
<./svg-inkscape/i_status_svg-tex.pdf, id=1745, page=1, 487.06969pt x 799.48688p
t>
File: ./svg-inkscape/i_status_svg-tex.pdf Graphic file (type pdf)
<use ./svg-inkscape/i_status_svg-tex.pdf, page 1>
Package pdftex.def Info: ./svg-inkscape/i_status_svg-tex.pdf , page1 used on in
put line 56.
(pdftex.def)             Requested size: 192.0548pt x 315.23878pt.
)
Package svg Info: Last page of `./svg-inkscape/i_eph_svg-tex.pdf' is 1 on input
 line 251.
 (./svg-inkscape/i_eph_svg-tex.pdf_tex
<./svg-inkscape/i_eph_svg-tex.pdf, id=1747, page=1, 373.395pt x 250.68655pt>
File: ./svg-inkscape/i_eph_svg-tex.pdf Graphic file (type pdf)
<use ./svg-inkscape/i_eph_svg-tex.pdf, page 1>
Package pdftex.def Info: ./svg-inkscape/i_eph_svg-tex.pdf , page1 used on input
 line 56.
(pdftex.def)             Requested size: 192.0548pt x 128.93861pt.
)
Package svg Info: Last page of `./svg-inkscape/i_manual_svg-tex.pdf' is 1 on in
put line 255.
 (./svg-inkscape/i_manual_svg-tex.pdf_tex
<./svg-inkscape/i_manual_svg-tex.pdf, id=1749, page=1, 559.81834pt x 537.10268p
t>
File: ./svg-inkscape/i_manual_svg-tex.pdf Graphic file (type pdf)
<use ./svg-inkscape/i_manual_svg-tex.pdf, page 1>
Package pdftex.def Info: ./svg-inkscape/i_manual_svg-tex.pdf , page1 used on in
put line 56.
(pdftex.def)             Requested size: 192.0548pt x 184.25978pt.
)
Package svg Info: Last page of `./svg-inkscape/i_boton_svg-tex.pdf' is 1 on inp
ut line 260.

(./svg-inkscape/i_boton_svg-tex.pdf_tex
<./svg-inkscape/i_boton_svg-tex.pdf, id=1751, page=1, 585.33745pt x 151.38158pt
>
File: ./svg-inkscape/i_boton_svg-tex.pdf Graphic file (type pdf)
<use ./svg-inkscape/i_boton_svg-tex.pdf, page 1>
Package pdftex.def Info: ./svg-inkscape/i_boton_svg-tex.pdf , page1 used on inp
ut line 56.
(pdftex.def)             Requested size: 341.43437pt x 88.30492pt.
)

LaTeX Warning: Float too large for page by 9.76903pt on input line 265.

)
LaTeX Info: Redefining \. on input line 101.
LaTeX Info: Redefining \% on input line 101.
 [74

]
LaTeX Info: Redefining \. on input line 101.
LaTeX Info: Redefining \% on input line 101.
 [75 <./svg-inkscape/i_config_svg-tex.pdf> <./svg-inkscape/i_status_svg-tex.pdf


pdfTeX warning: pdflatex.exe (file ./svg-inkscape/i_status_svg-tex.pdf): PDF in
clusion: multiple pdfs with page group included in a single page
> <./svg-inkscape/i_eph_svg-tex.pdf

pdfTeX warning: pdflatex.exe (file ./svg-inkscape/i_eph_svg-tex.pdf): PDF inclu
sion: multiple pdfs with page group included in a single page
> <./svg-inkscape/i_manual_svg-tex.pdf

pdfTeX warning: pdflatex.exe (file ./svg-inkscape/i_manual_svg-tex.pdf): PDF in
clusion: multiple pdfs with page group included in a single page
> <./svg-inkscape/i_boton_svg-tex.pdf

pdfTeX warning: pdflatex.exe (file ./svg-inkscape/i_boton_svg-tex.pdf): PDF inc
lusion: multiple pdfs with page group included in a single page
>]
\openout2 = `capitulos/implementacion.aux'.

 (./capitulos/implementacion.tex
LaTeX Info: Redefining \. on input line 1.
LaTeX Info: Redefining \% on input line 1.
 [76




]
Cap\'{\i }tulo 7.
[77]
LaTeX Info: Redefining \. on input line 36.
LaTeX Info: Redefining \% on input line 36.
 [78]
Underfull \vbox (badness 2158) has occurred while \output is active []

LaTeX Info: Redefining \. on input line 56.
LaTeX Info: Redefining \% on input line 56.
 [79])
LaTeX Info: Redefining \. on input line 103.
LaTeX Info: Redefining \% on input line 103.

[80]
\openout2 = `capitulos/resultados.aux'.

 (./capitulos/resultados.tex
Cap\'{\i }tulo 8.
[81




]
<figuras/dem_mov_1.jpg, id=1822, 1606.0pt x 1204.5pt>
File: figuras/dem_mov_1.jpg Graphic file (type jpg)
<use figuras/dem_mov_1.jpg>
Package pdftex.def Info: figuras/dem_mov_1.jpg  used on input line 43.
(pdftex.def)             Requested size: 192.0548pt x 144.03752pt.
<figuras/dem_mov_2.jpg, id=1823, 1606.0pt x 1204.5pt>
File: figuras/dem_mov_2.jpg Graphic file (type jpg)
<use figuras/dem_mov_2.jpg>
Package pdftex.def Info: figuras/dem_mov_2.jpg  used on input line 48.
(pdftex.def)             Requested size: 192.0548pt x 144.03752pt.
<figuras/dem_mov_3.jpg, id=1824, 1606.0pt x 1204.5pt>
File: figuras/dem_mov_3.jpg Graphic file (type jpg)
<use figuras/dem_mov_3.jpg>
Package pdftex.def Info: figuras/dem_mov_3.jpg  used on input line 54.
(pdftex.def)             Requested size: 192.0548pt x 144.03752pt.
<figuras/dem_mov_4.jpg, id=1825, 1606.0pt x 1204.5pt>
File: figuras/dem_mov_4.jpg Graphic file (type jpg)
<use figuras/dem_mov_4.jpg>
Package pdftex.def Info: figuras/dem_mov_4.jpg  used on input line 59.
(pdftex.def)             Requested size: 192.0548pt x 144.03752pt.
<figuras/dem_mov_5.jpg, id=1826, 1606.0pt x 1204.5pt>
File: figuras/dem_mov_5.jpg Graphic file (type jpg)
<use figuras/dem_mov_5.jpg>
Package pdftex.def Info: figuras/dem_mov_5.jpg  used on input line 65.
(pdftex.def)             Requested size: 192.0548pt x 144.03752pt.
<figuras/dem_mov_6.jpg, id=1827, 1606.0pt x 1204.5pt>
File: figuras/dem_mov_6.jpg Graphic file (type jpg)
<use figuras/dem_mov_6.jpg>
Package pdftex.def Info: figuras/dem_mov_6.jpg  used on input line 70.
(pdftex.def)             Requested size: 192.0548pt x 144.03752pt.
LaTeX Info: Redefining \. on input line 100.
LaTeX Info: Redefining \% on input line 100.
 [82]

Package caption Warning: \label without proper reference on input line 192.
See the caption package documentation for explanation.


LaTeX Warning: Reference `fig:ephvsauto' on page 83 undefined on input line 180
.

Package svg Info: Last page of `./svg-inkscape/autovseph_svg-tex.pdf' is 1 on i
nput line 187.
(./svg-inkscape/autovseph_svg-tex.pdf_tex
<./svg-inkscape/autovseph_svg-tex.pdf, id=1840, page=1, 422.32782pt x 904.88063
pt>
File: ./svg-inkscape/autovseph_svg-tex.pdf Graphic file (type pdf)
<use ./svg-inkscape/autovseph_svg-tex.pdf, page 1>
Package pdftex.def Info: ./svg-inkscape/autovseph_svg-tex.pdf , page1 used on i
nput line 56.
(pdftex.def)             Requested size: 192.0548pt x 411.50041pt.
)
Package svg Info: Last page of `./svg-inkscape/ephvsauto_svg-tex.pdf' is 1 on i
nput line 191.

(./svg-inkscape/ephvsauto_svg-tex.pdf_tex
<./svg-inkscape/ephvsauto_svg-tex.pdf, id=1842, page=1, 496.85625pt x 919.18407
pt>
File: ./svg-inkscape/ephvsauto_svg-tex.pdf Graphic file (type pdf)
<use ./svg-inkscape/ephvsauto_svg-tex.pdf, page 1>
Package pdftex.def Info: ./svg-inkscape/ephvsauto_svg-tex.pdf , page1 used on i
nput line 56.
(pdftex.def)             Requested size: 192.0548pt x 355.29652pt.
)
Underfull \vbox (badness 2538) has occurred while \output is active []

LaTeX Info: Redefining \. on input line 198.
LaTeX Info: Redefining \% on input line 198.
 [83]
Package svg Info: Last page of `./svg-inkscape/corriente_tiempo_svg-tex.pdf' is
 1 on input line 229.

(./svg-inkscape/corriente_tiempo_svg-tex.pdf_tex
<./svg-inkscape/corriente_tiempo_svg-tex.pdf, id=1855, page=1, 577.23582pt x 17
1.09639pt>
File: ./svg-inkscape/corriente_tiempo_svg-tex.pdf Graphic file (type pdf)
<use ./svg-inkscape/corriente_tiempo_svg-tex.pdf, page 1>
Package pdftex.def Info: ./svg-inkscape/corriente_tiempo_svg-tex.pdf , page1 us
ed on input line 56.
(pdftex.def)             Requested size: 405.45047pt x 120.17914pt.
)

LaTeX Warning: `h' float specifier changed to `ht'.

LaTeX Info: Redefining \. on input line 255.
LaTeX Info: Redefining \% on input line 255.
[84]
LaTeX Info: Redefining \. on input line 298.
LaTeX Info: Redefining \% on input line 298.
 [85])
LaTeX Info: Redefining \. on input line 105.
LaTeX Info: Redefining \% on input line 105.
 [86]
LaTeX Info: Redefining \. on input line 105.
LaTeX Info: Redefining \% on input line 105.
 [87 <./figuras/dem_mov_1.jpg> <./figuras/dem_mov_2.jpg> <./figuras/dem_mov_3.j
pg> <./figuras/dem_mov_4.jpg> <./figuras/dem_mov_5.jpg> <./figuras/dem_mov_6.jp
g>]
LaTeX Info: Redefining \. on input line 105.
LaTeX Info: Redefining \% on input line 105.
 [88 <./svg-inkscape/autovseph_svg-tex.pdf> <./svg-inkscape/ephvsauto_svg-tex.p
df

pdfTeX warning: pdflatex.exe (file ./svg-inkscape/ephvsauto_svg-tex.pdf): PDF i
nclusion: multiple pdfs with page group included in a single page
> <./svg-inkscape/corriente_tiempo_svg-tex.pdf

pdfTeX warning: pdflatex.exe (file ./svg-inkscape/corriente_tiempo_svg-tex.pdf)
: PDF inclusion: multiple pdfs with page group included in a single page
>]
\openout2 = `capitulos/conclusion.aux'.

 (./capitulos/conclusion.tex
Cap\'{\i }tulo 9.
[89




]
Underfull \vbox (badness 1502) has occurred while \output is active []

LaTeX Info: Redefining \. on input line 35.
LaTeX Info: Redefining \% on input line 35.
 [90]
LaTeX Info: Redefining \. on input line 55.
LaTeX Info: Redefining \% on input line 55.

[91])
LaTeX Info: Redefining \. on input line 109.
LaTeX Info: Redefining \% on input line 109.
 [92]
\openout2 = `capitulos/anexo.aux'.

 (./capitulos/anexo.tex
Ap\'{e}ndice A.

Package caption Warning: \label without proper reference on input line 17.
See the caption package documentation for explanation.


LaTeX Warning: Reference `fig:esquematico' on page 93 undefined on input line 6
.

<figuras/SCH_ESP32-S3-DevKitC-1_V1.1_20221130.pdf, id=1943, page=1, 845.04686pt
 x 597.50786pt>
File: figuras/SCH_ESP32-S3-DevKitC-1_V1.1_20221130.pdf Graphic file (type pdf)
<use figuras/SCH_ESP32-S3-DevKitC-1_V1.1_20221130.pdf, page 1>
Package pdftex.def Info: figuras/SCH_ESP32-S3-DevKitC-1_V1.1_20221130.pdf , pag
e1 used on input line 12.
(pdftex.def)             Requested size: 422.52577pt x 298.75319pt.

Overfull \hbox (2.40108pt too wide) in paragraph at lines 12--13
 [][] 
 []

<figuras/SCH_ESP32-S3-DevKitC-1_V1.1_20221130.pdf, id=1944, page=2, 845.04686pt
 x 597.50786pt>
File: figuras/SCH_ESP32-S3-DevKitC-1_V1.1_20221130.pdf Graphic file (type pdf)
<use figuras/SCH_ESP32-S3-DevKitC-1_V1.1_20221130.pdf, page 2>
Package pdftex.def Info: figuras/SCH_ESP32-S3-DevKitC-1_V1.1_20221130.pdf , pag
e2 used on input line 16.
(pdftex.def)             Requested size: 422.52577pt x 298.75319pt.

Overfull \hbox (2.40108pt too wide) in paragraph at lines 16--18
 [][][] 
 []

) [93




]
LaTeX Info: Redefining \. on input line 113.
LaTeX Info: Redefining \% on input line 113.
 [94 <./figuras/SCH_ESP32-S3-DevKitC-1_V1.1_20221130.pdf> <./figuras/SCH_ESP32-
S3-DevKitC-1_V1.1_20221130.pdf>] (./TFG.bbl [95





])
LaTeX Info: Redefining \. on input line 131.
LaTeX Info: Redefining \% on input line 131.
 [96] (./TFG.aux
(./capitulos/portada.aux)
LaTeX Info: Redefining \. on input line 14.
LaTeX Info: Redefining \% on input line 14.
 (./capitulos/firmas.aux) (./capitulos/licencia.aux)
(./capitulos/evaluacion.aux) (./capitulos/agradecimientos.aux)
(./capitulos/resumen.aux) (./capitulos/simbolos.aux)
(./capitulos/introduccion.aux) (./capitulos/marcoteorico.aux)
(./capitulos/estadoarte.aux) (./capitulos/presentacionprototipo.aux)
(./capitulos/planteamiento.aux) (./capitulos/disenio.aux)
(./capitulos/implementacion.aux) (./capitulos/resultados.aux)
(./capitulos/conclusion.aux) (./capitulos/anexo.aux))
 ***********
LaTeX2e <2025-11-01>
L3 programming layer <2025-11-14>
 ***********


LaTeX Font Warning: Some font shapes were not available, defaults substituted.


LaTeX Warning: There were undefined references.

Package rerunfilecheck Info: File `TFG.out' has not changed.
(rerunfilecheck)             Checksum: F4F823E00C06E6C8B9EC5C748DEB0B46;21585.
 ) 
Here is how much of TeX's memory you used:
 20964 strings out of 467538
 383918 string characters out of 5423725
 816252 words of memory out of 5000000
 48782 multiletter control sequences out of 15000+600000
 641084 words of font info for 89 fonts, out of 8000000 for 9000
 1141 hyphenation exceptions out of 8191
 94i,20n,133p,1423b,804s stack positions out of 10000i,1000n,20000p,200000b,200000s
<c:/texlive/2025/texmf-dist/fonts/type1/public/amsfonts/cm/cmbx10.pfb><c:/tex
live/2025/texmf-dist/fonts/type1/public/amsfonts/cm/cmbx12.pfb><c:/texlive/2025
/texmf-dist/fonts/type1/public/amsfonts/cm/cmbx7.pfb><c:/texlive/2025/texmf-dis
t/fonts/type1/public/amsfonts/cm/cmbx8.pfb><c:/texlive/2025/texmf-dist/fonts/ty
pe1/public/amsfonts/cm/cmbxti10.pfb><c:/texlive/2025/texmf-dist/fonts/type1/pub
lic/amsfonts/cm/cmcsc10.pfb><c:/texlive/2025/texmf-dist/fonts/type1/public/amsf
onts/cm/cmex10.pfb><c:/texlive/2025/texmf-dist/fonts/type1/public/amsfonts/cm/c
mmi10.pfb><c:/texlive/2025/texmf-dist/fonts/type1/public/amsfonts/cm/cmmi12.pfb
><c:/texlive/2025/texmf-dist/fonts/type1/public/amsfonts/cm/cmmi7.pfb><c:/texli
ve/2025/texmf-dist/fonts/type1/public/amsfonts/cm/cmmi8.pfb><c:/texlive/2025/te
xmf-dist/fonts/type1/public/amsfonts/cm/cmr10.pfb><c:/texlive/2025/texmf-dist/f
onts/type1/public/amsfonts/cm/cmr12.pfb><c:/texlive/2025/texmf-dist/fonts/type1
/public/amsfonts/cm/cmr17.pfb><c:/texlive/2025/texmf-dist/fonts/type1/public/am
sfonts/cm/cmr6.pfb><c:/texlive/2025/texmf-dist/fonts/type1/public/amsfonts/cm/c
mr7.pfb><c:/texlive/2025/texmf-dist/fonts/type1/public/amsfonts/cm/cmr8.pfb><c:
/texlive/2025/texmf-dist/fonts/type1/public/amsfonts/cm/cmsl10.pfb><c:/texlive/
2025/texmf-dist/fonts/type1/public/amsfonts/cm/cmsy10.pfb><c:/texlive/2025/texm
f-dist/fonts/type1/public/amsfonts/cm/cmsy7.pfb><c:/texlive/2025/texmf-dist/fon
ts/type1/public/amsfonts/cm/cmsy8.pfb><c:/texlive/2025/texmf-dist/fonts/type1/p
ublic/amsfonts/cm/cmti12.pfb><c:/texlive/2025/texmf-dist/fonts/type1/public/ams
fonts/cm/cmtt12.pfb><c:/texlive/2025/texmf-dist/fonts/type1/public/amsfonts/cm/
cmtt8.pfb><c:/texlive/2025/texmf-dist/fonts/type1/public/cm-super/sfbx0700.pfb>
<c:/texlive/2025/texmf-dist/fonts/type1/public/cm-super/sfrm0700.pfb><c:/texliv
e/2025/texmf-dist/fonts/type1/public/cm-super/sfrm1000.pfb><c:/texlive/2025/tex
mf-dist/fonts/type1/urw/palatino/uplr8a.pfb><c:/texlive/2025/texmf-dist/fonts/t
ype1/urw/symbol/usyr.pfb>
Output written on TFG.pdf (120 pages, 17992597 bytes).
PDF statistics:
 2210 PDF objects out of 2487 (max. 8388607)
 1762 compressed objects within 18 object streams
 460 named destinations out of 1000 (max. 500000)
 1624 words of extra memory for PDF output out of 10000 (max. 10000000)

