\BOOKMARK [0][-]{chapter*.1}{\376\377\000A\000g\000r\000a\000d\000e\000c\000i\000m\000i\000e\000n\000t\000o\000s}{}% 1
\BOOKMARK [0][-]{chapter*.2}{\376\377\000R\000e\000s\000u\000m\000e\000n}{}% 2
\BOOKMARK [0][-]{chapter*.4}{\376\377\000A\000b\000s\000t\000r\000a\000c\000t}{}% 3
\BOOKMARK [0][-]{chapter*.6}{\376\377\000N\000o\000m\000e\000n\000c\000l\000a\000t\000u\000r\000a}{}% 4
\BOOKMARK [0][-]{chapter*.7}{\376\377\000\315\000n\000d\000i\000c\000e}{}% 5
\BOOKMARK [0][-]{chapter.1}{\376\377\000I\000n\000t\000r\000o\000d\000u\000c\000c\000i\000\363\000n}{}% 6
\BOOKMARK [1][-]{section.1.1}{\376\377\000M\000o\000t\000i\000v\000a\000c\000i\000\363\000n\000\040\000d\000e\000l\000\040\000p\000r\000o\000y\000e\000c\000t\000o}{chapter.1}% 7
\BOOKMARK [1][-]{section.1.2}{\376\377\000O\000b\000j\000e\000t\000i\000v\000o\000s}{chapter.1}% 8
\BOOKMARK [2][-]{subsection.1.2.1}{\376\377\000O\000b\000j\000e\000t\000i\000v\000o\000\040\000g\000e\000n\000e\000r\000a\000l}{section.1.2}% 9
\BOOKMARK [2][-]{subsection.1.2.2}{\376\377\000O\000b\000j\000e\000t\000i\000v\000o\000s\000\040\000e\000s\000p\000e\000c\000\355\000f\000i\000c\000o\000s}{section.1.2}% 10
\BOOKMARK [2][-]{subsection.1.2.3}{\376\377\000A\000l\000c\000a\000n\000c\000e\000\040\000d\000e\000l\000\040\000p\000r\000o\000y\000e\000c\000t\000o}{section.1.2}% 11
\BOOKMARK [1][-]{section.1.3}{\376\377\000M\000a\000t\000e\000r\000i\000a\000l\000e\000s\000\040\000u\000t\000i\000l\000i\000z\000a\000d\000o\000s}{chapter.1}% 12
\BOOKMARK [2][-]{subsection.1.3.1}{\376\377\000H\000a\000r\000d\000w\000a\000r\000e}{section.1.3}% 13
\BOOKMARK [2][-]{subsection.1.3.2}{\376\377\000S\000o\000f\000t\000w\000a\000r\000e}{section.1.3}% 14
\BOOKMARK [1][-]{section.1.4}{\376\377\000E\000s\000t\000r\000u\000c\000t\000u\000r\000a\000\040\000d\000e\000l\000\040\000d\000o\000c\000u\000m\000e\000n\000t\000o}{chapter.1}% 15
\BOOKMARK [0][-]{chapter.2}{\376\377\000M\000a\000r\000c\000o\000\040\000T\000e\000\363\000r\000i\000c\000o}{}% 16
\BOOKMARK [1][-]{section.2.1}{\376\377\000R\000a\000d\000i\000a\000c\000i\000\363\000n\000\040\000S\000o\000l\000a\000r}{chapter.2}% 17
\BOOKMARK [2][-]{subsection.2.1.1}{\376\377\000N\000a\000t\000u\000r\000a\000l\000e\000z\000a\000\040\000d\000e\000\040\000l\000a\000\040\000r\000a\000d\000i\000a\000c\000i\000\363\000n\000\040\000s\000o\000l\000a\000r}{section.2.1}% 18
\BOOKMARK [2][-]{subsection.2.1.2}{\376\377\000I\000n\000f\000l\000u\000e\000n\000c\000i\000a\000\040\000d\000e\000\040\000l\000a\000\040\000a\000t\000m\000\363\000s\000f\000e\000r\000a\000\040\000t\000e\000r\000r\000e\000s\000t\000r\000e\000\040\000e\000n\000\040\000l\000a\000\040\000r\000a\000d\000i\000a\000c\000i\000\363\000n\000\040\000s\000o\000l\000a\000r}{section.2.1}% 19
\BOOKMARK [2][-]{subsection.2.1.3}{\376\377\000D\000i\000r\000e\000c\000c\000i\000\363\000n\000\040\000d\000e\000\040\000l\000a\000\040\000r\000a\000d\000i\000a\000c\000i\000\363\000n\000\040\000s\000o\000l\000a\000r\000\040\000d\000i\000r\000e\000c\000t\000a}{section.2.1}% 20
\BOOKMARK [1][-]{section.2.2}{\376\377\000E\000f\000e\000m\000\351\000r\000i\000d\000e\000s\000\040\000S\000o\000l\000a\000r\000e\000s}{chapter.2}% 21
\BOOKMARK [2][-]{subsection.2.2.1}{\376\377\000H\000o\000r\000a\000\040\000s\000o\000l\000a\000r\000\040\000y\000\040\000h\000o\000r\000a\000\040\000o\000f\000i\000c\000i\000a\000l}{section.2.2}% 22
\BOOKMARK [2][-]{subsection.2.2.2}{\376\377\000F\000r\000a\000c\000c\000i\000\363\000n\000\040\000d\000e\000l\000\040\000a\000\361\000o}{section.2.2}% 23
\BOOKMARK [2][-]{subsection.2.2.3}{\376\377\000D\000e\000c\000l\000i\000n\000a\000c\000i\000\363\000n\000\040\000s\000o\000l\000a\000r}{section.2.2}% 24
\BOOKMARK [2][-]{subsection.2.2.4}{\376\377\000E\000c\000u\000a\000c\000i\000\363\000n\000\040\000d\000e\000l\000\040\000t\000i\000e\000m\000p\000o}{section.2.2}% 25
\BOOKMARK [2][-]{subsection.2.2.5}{\376\377\000T\000i\000e\000m\000p\000o\000\040\000s\000o\000l\000a\000r\000\040\000v\000e\000r\000d\000a\000d\000e\000r\000o}{section.2.2}% 26
\BOOKMARK [2][-]{subsection.2.2.6}{\376\377\000\301\000n\000g\000u\000l\000o\000\040\000h\000o\000r\000a\000r\000i\000o}{section.2.2}% 27
\BOOKMARK [2][-]{subsection.2.2.7}{\376\377\000\301\000n\000g\000u\000l\000o\000\040\000c\000e\000n\000i\000t\000a\000l\000,\000\040\000e\000l\000e\000v\000a\000c\000i\000\363\000n\000\040\000y\000\040\000a\000z\000i\000m\000u\000t\000\040\000s\000o\000l\000a\000r}{section.2.2}% 28
\BOOKMARK [1][-]{section.2.3}{\376\377\000C\000\341\000l\000c\000u\000l\000o\000\040\000d\000e\000\040\000\341\000n\000g\000u\000l\000o\000s\000\040\000d\000e\000\040\000i\000n\000c\000i\000d\000e\000n\000c\000i\000a\000\040\000e\000n\000\040\000l\000a\000\040\000s\000u\000p\000e\000r\000f\000i\000c\000i\000e\000\040\000d\000e\000\040\000l\000a\000\040\000v\000e\000n\000t\000a\000n\000a}{chapter.2}% 29
\BOOKMARK [2][-]{subsection.2.3.1}{\376\377\000T\000r\000a\000n\000s\000f\000o\000r\000m\000a\000c\000i\000\363\000n\000\040\000d\000e\000\040\000e\000f\000e\000m\000\351\000r\000i\000d\000e\000s\000\040\000s\000o\000l\000a\000r\000e\000s\000\040\000a\000\040\000\341\000n\000g\000u\000l\000o\000s\000\040\000d\000e\000\040\000i\000n\000c\000i\000d\000e\000n\000c\000i\000a}{section.2.3}% 30
\BOOKMARK [1][-]{section.2.4}{\376\377\000I\000n\000t\000e\000r\000p\000o\000l\000a\000c\000i\000\363\000n\000\040\000b\000i\000l\000i\000n\000e\000a\000l}{chapter.2}% 31
\BOOKMARK [1][-]{section.2.5}{\376\377\000F\000u\000n\000d\000a\000m\000e\000n\000t\000o\000s\000\040\000d\000e\000\040\000l\000a\000\040\000e\000n\000e\000r\000g\000\355\000a\000\040\000S\000o\000l\000a\000r\000\040\000F\000o\000t\000o\000v\000o\000l\000t\000a\000i\000c\000a}{chapter.2}% 32
\BOOKMARK [2][-]{subsection.2.5.1}{\376\377\000C\000\351\000l\000u\000l\000a\000s\000\040\000s\000o\000l\000a\000r\000e\000s}{section.2.5}% 33
\BOOKMARK [2][-]{subsection.2.5.2}{\376\377\000T\000e\000o\000r\000\355\000a\000\040\000d\000e\000\040\000s\000e\000m\000i\000c\000o\000n\000d\000u\000c\000t\000o\000r\000e\000s}{section.2.5}% 34
\BOOKMARK [2][-]{subsection.2.5.3}{\376\377\000U\000n\000i\000\363\000n\000\040\000p\000-\000n\000\040}{section.2.5}% 35
\BOOKMARK [2][-]{subsection.2.5.4}{\376\377\000C\000o\000n\000v\000e\000r\000s\000i\000\363\000n\000\040\000f\000o\000t\000o\000v\000o\000l\000t\000a\000i\000c\000a}{section.2.5}% 36
\BOOKMARK [2][-]{subsection.2.5.5}{\376\377\000C\000a\000r\000a\000c\000t\000e\000r\000i\000z\000a\000c\000i\000\363\000n\000\040\000e\000l\000\351\000c\000t\000r\000i\000c\000a\000\040\000d\000e\000\040\000u\000n\000a\000\040\000c\000\351\000l\000u\000l\000a\000\040\000f\000o\000t\000o\000v\000o\000l\000t\000a\000i\000c\000a\000:\000\040\000c\000u\000r\000v\000a\000\040\000I\040\023\000V}{section.2.5}% 37
\BOOKMARK [2][-]{subsection.2.5.6}{\376\377\000P\000\351\000r\000d\000i\000d\000a\000s\000:\000\040\000c\000i\000r\000c\000u\000i\000t\000o\000\040\000e\000q\000u\000i\000v\000a\000l\000e\000n\000t\000e}{section.2.5}% 38
\BOOKMARK [1][-]{section.2.6}{\376\377\000M\000\363\000d\000u\000l\000o\000s\000\040\000f\000o\000t\000o\000v\000o\000l\000t\000a\000i\000c\000o\000s}{chapter.2}% 39
\BOOKMARK [2][-]{subsection.2.6.1}{\376\377\000E\000s\000t\000r\000u\000c\000t\000u\000r\000a\000\040\000y\000\040\000c\000o\000m\000p\000o\000n\000e\000n\000t\000e\000s\000\040\000d\000e\000\040\000u\000n\000\040\000m\000\363\000d\000u\000l\000o\000\040\000f\000o\000t\000o\000v\000o\000l\000t\000a\000i\000c\000o}{section.2.6}% 40
\BOOKMARK [2][-]{subsection.2.6.2}{\376\377\000T\000i\000p\000o\000s\000\040\000d\000e\000\040\000a\000r\000r\000a\000y\000s\000\040\000f\000o\000t\000o\000v\000o\000l\000t\000a\000i\000c\000o\000s}{section.2.6}% 41
\BOOKMARK [2][-]{subsection.2.6.3}{\376\377\000B\000I\000P\000V}{section.2.6}% 42
\BOOKMARK [1][-]{section.2.7}{\376\377\000\323\000p\000t\000i\000c\000a\000\040\000g\000e\000o\000m\000\351\000t\000r\000i\000c\000a}{chapter.2}% 43
\BOOKMARK [2][-]{subsection.2.7.1}{\376\377\000P\000r\000i\000n\000c\000i\000p\000i\000o\000\040\000d\000e\000\040\000F\000e\000r\000m\000a\000t}{section.2.7}% 44
\BOOKMARK [2][-]{subsection.2.7.2}{\376\377\000R\000e\000f\000r\000a\000c\000c\000i\000\363\000n\000\040\000d\000e\000\040\000l\000a\000\040\000l\000u\000z\000\040\000y\000\040\000l\000e\000y\000\040\000d\000e\000\040\000S\000n\000e\000l\000l}{section.2.7}% 45
\BOOKMARK [2][-]{subsection.2.7.3}{\376\377\000L\000e\000n\000t\000e\000s\000\040\000d\000e\000l\000g\000a\000d\000a\000s}{section.2.7}% 46
\BOOKMARK [2][-]{subsection.2.7.4}{\376\377\000C\000o\000n\000c\000e\000n\000t\000r\000a\000c\000i\000\363\000n\000\040\000d\000e\000\040\000l\000a\000\040\000r\000a\000d\000i\000a\000c\000i\000\363\000n\000\040\000s\000o\000l\000a\000r}{section.2.7}% 47
\BOOKMARK [2][-]{subsection.2.7.5}{\376\377\000L\000e\000n\000t\000e\000\040\000d\000e\000\040\000F\000r\000e\000s\000n\000e\000l}{section.2.7}% 48
\BOOKMARK [0][-]{chapter.3}{\376\377\000E\000s\000t\000a\000d\000o\000\040\000d\000e\000l\000\040\000a\000r\000t\000e}{}% 49
\BOOKMARK [0][-]{chapter.4}{\376\377\000P\000r\000e\000s\000e\000n\000t\000a\000c\000i\000\363\000n\000\040\000d\000e\000l\000\040\000p\000r\000o\000t\000o\000t\000i\000p\000o}{}% 50
\BOOKMARK [1][-]{section.4.1}{\376\377\000P\000u\000n\000t\000o\000\040\000d\000e\000\040\000p\000a\000r\000t\000i\000d\000a}{chapter.4}% 51
\BOOKMARK [2][-]{subsection.4.1.1}{\376\377\000M\000o\000v\000i\000m\000i\000e\000n\000t\000o\000\040\000v\000e\000r\000t\000i\000c\000a\000l}{section.4.1}% 52
\BOOKMARK [2][-]{subsection.4.1.2}{\376\377\000M\000o\000v\000i\000m\000i\000e\000n\000t\000o\000\040\000h\000o\000r\000i\000z\000o\000n\000t\000a\000l}{section.4.1}% 53
\BOOKMARK [0][-]{chapter.5}{\376\377\000P\000l\000a\000n\000t\000e\000a\000m\000i\000e\000n\000t\000o\000\040\000d\000e\000\040\000r\000e\000q\000u\000i\000s\000i\000t\000o\000s\000\040\000y\000\040\000s\000e\000l\000e\000c\000c\000i\000\363\000n\000\040\000t\000e\000c\000n\000o\000l\000\363\000g\000i\000c\000a}{}% 54
\BOOKMARK [1][-]{section.5.1}{\376\377\000R\000e\000q\000u\000i\000s\000i\000t\000o\000s\000\040\000d\000e\000l\000\040\000s\000i\000s\000t\000e\000m\000a}{chapter.5}% 55
\BOOKMARK [2][-]{subsection.5.1.1}{\376\377\000R\000e\000q\000u\000i\000s\000i\000t\000o\000s\000\040\000f\000u\000n\000c\000i\000o\000n\000a\000l\000e\000s}{section.5.1}% 56
\BOOKMARK [2][-]{subsection.5.1.2}{\376\377\000R\000e\000q\000u\000i\000s\000i\000t\000o\000s\000\040\000n\000o\000\040\000f\000u\000n\000c\000i\000o\000n\000a\000l\000e\000s}{section.5.1}% 57
\BOOKMARK [1][-]{section.5.2}{\376\377\000C\000r\000i\000t\000e\000r\000i\000o\000s\000\040\000d\000e\000\040\000s\000e\000l\000e\000c\000c\000i\000\363\000n\000\040\000t\000e\000c\000n\000o\000l\000\363\000g\000i\000c\000a}{chapter.5}% 58
\BOOKMARK [1][-]{section.5.3}{\376\377\000A\000l\000t\000e\000r\000n\000a\000t\000i\000v\000a\000s\000\040\000p\000a\000r\000a\000\040\000l\000a\000\040\000p\000l\000a\000t\000a\000f\000o\000r\000m\000a\000\040\000h\000a\000r\000d\000w\000a\000r\000e}{chapter.5}% 59
\BOOKMARK [2][-]{subsection.5.3.1}{\376\377\000P\000L\000C\000\040\000\050\000C\000o\000n\000t\000r\000o\000l\000a\000d\000o\000r\000e\000s\000\040\000l\000\363\000g\000i\000c\000o\000s\000\040\000p\000r\000o\000g\000r\000a\000m\000a\000b\000l\000e\000s\000\051}{section.5.3}% 60
\BOOKMARK [2][-]{subsection.5.3.2}{\376\377\000F\000P\000G\000A\000\040\000\050\000F\000i\000e\000l\000d\000\040\000P\000r\000o\000g\000r\000a\000m\000m\000a\000b\000l\000e\000\040\000G\000a\000t\000e\000\040\000A\000r\000r\000a\000y\000\051}{section.5.3}% 61
\BOOKMARK [2][-]{subsection.5.3.3}{\376\377\000S\000T\000M\0003\0002}{section.5.3}% 62
\BOOKMARK [2][-]{subsection.5.3.4}{\376\377\000E\000S\000P\0003\0002}{section.5.3}% 63
\BOOKMARK [2][-]{subsection.5.3.5}{\376\377\000O\000t\000r\000o\000s\000\040\000m\000i\000c\000r\000o\000c\000o\000n\000t\000r\000o\000l\000a\000d\000o\000r\000e\000s\000\040\000d\000e\000\040\0003\0002\000\040\000b\000i\000t\000s}{section.5.3}% 64
\BOOKMARK [2][-]{subsection.5.3.6}{\376\377\000D\000e\000s\000c\000a\000r\000t\000e\000s\000\040\000h\000a\000r\000d\000w\000a\000r\000e}{section.5.3}% 65
\BOOKMARK [1][-]{section.5.4}{\376\377\000S\000e\000l\000e\000c\000c\000i\000\363\000n\000\040\000d\000e\000\040\000S\000o\000f\000t\000w\000a\000r\000e}{chapter.5}% 66
\BOOKMARK [2][-]{subsection.5.4.1}{\376\377\000S\000o\000f\000t\000w\000a\000r\000e\000\040\000a\000s\000o\000c\000i\000a\000d\000o\000\040\000a\000\040\000E\000S\000P\0003\0002}{section.5.4}% 67
\BOOKMARK [2][-]{subsection.5.4.2}{\376\377\000S\000o\000f\000t\000w\000a\000r\000e\000\040\000a\000s\000o\000c\000i\000a\000d\000o\000\040\000a\000\040\000S\000T\000M\0003\0002}{section.5.4}% 68
\BOOKMARK [2][-]{subsection.5.4.3}{\376\377\000S\000o\000f\000t\000w\000a\000r\000e\000\040\000a\000s\000o\000c\000i\000a\000d\000o\000\040\000a\000\040\000m\000i\000c\000r\000o\000c\000o\000n\000t\000r\000o\000l\000a\000d\000o\000r\000e\000s\000\040\000S\000A\000M\000D\000/\000S\000A\000M\000E}{section.5.4}% 69
\BOOKMARK [1][-]{section.5.5}{\376\377\000D\000i\000s\000c\000u\000s\000i\000\363\000n\000\040\000d\000e\000\040\000l\000a\000s\000\040\000d\000e\000c\000i\000s\000i\000o\000n\000e\000s\000\040\000a\000d\000o\000p\000t\000a\000d\000a\000s}{chapter.5}% 70
\BOOKMARK [2][-]{subsection.5.5.1}{\376\377\000J\000u\000s\000t\000i\000f\000i\000c\000a\000c\000i\000\363\000n\000\040\000d\000e\000\040\000l\000a\000\040\000p\000l\000a\000t\000a\000f\000o\000r\000m\000a\000\040\000E\000S\000P\0003\0002\000-\000S\0003\000-\000D\000e\000v\000K\000i\000t\000C\000-\0001}{section.5.5}% 71
\BOOKMARK [0][-]{chapter.6}{\376\377\000D\000i\000s\000e\000\361\000o\000\040\000d\000e\000l\000\040\000s\000i\000s\000t\000e\000m\000a\000\040\000d\000e\000\040\000c\000o\000n\000t\000r\000o\000l}{}% 72
\BOOKMARK [1][-]{section.6.1}{\376\377\000E\000n\000f\000o\000q\000u\000e\000\040\000g\000e\000n\000e\000r\000a\000l\000\040\000d\000e\000l\000\040\000d\000i\000s\000e\000\361\000o}{chapter.6}% 73
\BOOKMARK [1][-]{section.6.2}{\376\377\000D\000i\000s\000e\000\361\000o\000\040\000e\000l\000e\000c\000t\000r\000\363\000n\000i\000c\000o}{chapter.6}% 74
\BOOKMARK [2][-]{subsection.6.2.1}{\376\377\000A\000r\000q\000u\000i\000t\000e\000c\000t\000u\000r\000a\000\040\000h\000a\000r\000d\000w\000a\000r\000e}{section.6.2}% 75
\BOOKMARK [2][-]{subsection.6.2.2}{\376\377\000S\000u\000b\000s\000i\000s\000t\000e\000m\000a\000\040\000d\000e\000\040\000a\000l\000i\000m\000e\000n\000t\000a\000c\000i\000\363\000n}{section.6.2}% 76
\BOOKMARK [2][-]{subsection.6.2.3}{\376\377\000S\000u\000b\000s\000i\000s\000t\000e\000m\000a\000\040\000d\000e\000\040\000c\000o\000n\000t\000r\000o\000l}{section.6.2}% 77
\BOOKMARK [2][-]{subsection.6.2.4}{\376\377\000S\000u\000b\000s\000i\000s\000t\000e\000m\000a\000\040\000d\000e\000\040\000a\000c\000c\000i\000o\000n\000a\000m\000i\000e\000n\000t\000o}{section.6.2}% 78
\BOOKMARK [2][-]{subsection.6.2.5}{\376\377\000S\000u\000b\000s\000i\000s\000t\000e\000m\000a\000\040\000d\000e\000\040\000l\000a\000\040\000p\000l\000a\000n\000t\000a}{section.6.2}% 79
\BOOKMARK [2][-]{subsection.6.2.6}{\376\377\000D\000i\000s\000c\000u\000s\000i\000\363\000n\000\040\000d\000e\000\040\000l\000a\000\040\000a\000r\000q\000u\000i\000t\000e\000c\000t\000u\000r\000a\000\040\000h\000a\000r\000d\000w\000a\000r\000e}{section.6.2}% 80
\BOOKMARK [1][-]{section.6.3}{\376\377\000A\000r\000q\000u\000i\000t\000e\000c\000t\000u\000r\000a\000\040\000f\000u\000n\000c\000i\000o\000n\000a\000l\000\040\000d\000e\000l\000\040\000s\000i\000s\000t\000e\000m\000a\000\040\000d\000e\000\040\000c\000o\000n\000t\000r\000o\000l}{chapter.6}% 81
\BOOKMARK [1][-]{section.6.4}{\376\377\000D\000i\000s\000e\000\361\000o\000\040\000s\000o\000f\000t\000w\000a\000r\000e}{chapter.6}% 82
\BOOKMARK [2][-]{subsection.6.4.1}{\376\377\000A\000r\000q\000u\000i\000t\000e\000c\000t\000u\000r\000a\000\040\000s\000o\000f\000t\000w\000a\000r\000e}{section.6.4}% 83
\BOOKMARK [1][-]{section.6.5}{\376\377\000D\000i\000s\000e\000\361\000o\000\040\000d\000e\000\040\000l\000a\000\040\000i\000n\000t\000e\000r\000f\000a\000z}{chapter.6}% 84
\BOOKMARK [0][-]{chapter.7}{\376\377\000I\000m\000p\000l\000e\000m\000e\000n\000t\000a\000c\000i\000\363\000n\000\040\000d\000e\000l\000\040\000c\000o\000n\000t\000r\000o\000l\000\040\000d\000e\000\040\000m\000o\000v\000i\000m\000i\000e\000n\000t\000o}{}% 85
\BOOKMARK [1][-]{section.7.1}{\376\377\000I\000m\000p\000l\000e\000m\000e\000n\000t\000a\000c\000i\000\363\000n\000\040\000i\000n\000i\000c\000i\000a\000l\000\040\000d\000e\000l\000\040\000m\000o\000v\000i\000m\000i\000e\000n\000t\000o}{chapter.7}% 86
\BOOKMARK [1][-]{section.7.2}{\376\377\000D\000e\000t\000e\000c\000c\000i\000\363\000n\000\040\000d\000e\000\040\000p\000r\000o\000b\000l\000e\000m\000a\000s\000\040\000m\000e\000c\000\341\000n\000i\000c\000o\000s}{chapter.7}% 87
\BOOKMARK [1][-]{section.7.3}{\376\377\000P\000r\000o\000b\000l\000e\000m\000a\000\040\000d\000e\000\040\000b\000a\000c\000k\000l\000a\000s\000h\000\040\000e\000\040\000h\000i\000s\000t\000\351\000r\000e\000s\000i\000s\000\040\000e\000n\000\040\000e\000l\000\040\000e\000j\000e\000\040\000Z}{chapter.7}% 88
\BOOKMARK [1][-]{section.7.4}{\376\377\000I\000m\000p\000l\000e\000m\000e\000n\000t\000a\000c\000i\000\363\000n\000\040\000d\000e\000l\000\040\000h\000o\000m\000i\000n\000g\000\040\000y\000\040\000e\000s\000t\000a\000b\000l\000e\000c\000i\000m\000i\000e\000n\000t\000o\000\040\000d\000e\000\040\000r\000e\000f\000e\000r\000e\000n\000c\000i\000a\000s}{chapter.7}% 89
\BOOKMARK [1][-]{section.7.5}{\376\377\000C\000o\000m\000p\000e\000n\000s\000a\000c\000i\000\363\000n\000\040\000d\000e\000l\000\040\000b\000a\000c\000k\000l\000a\000s\000h}{chapter.7}% 90
\BOOKMARK [1][-]{section.7.6}{\376\377\000R\000e\000s\000u\000l\000t\000a\000d\000o\000\040\000d\000e\000\040\000l\000a\000\040\000e\000v\000o\000l\000u\000c\000i\000\363\000n\000\040\000d\000e\000l\000\040\000c\000o\000n\000t\000r\000o\000l\000\040\000d\000e\000\040\000m\000o\000v\000i\000m\000i\000e\000n\000t\000o}{chapter.7}% 91
\BOOKMARK [1][-]{section.7.7}{\376\377\000D\000e\000t\000e\000c\000c\000i\000\363\000n\000\040\000d\000e\000\040\000p\000r\000o\000b\000l\000e\000m\000a\000s\000\040\000s\000o\000f\000t\000w\000a\000r\000e}{chapter.7}% 92
\BOOKMARK [0][-]{chapter.8}{\376\377\000R\000e\000s\000u\000l\000t\000a\000d\000o\000s}{}% 93
\BOOKMARK [1][-]{section.8.1}{\376\377\000D\000e\000m\000o\000s\000t\000r\000a\000c\000i\000\363\000n\000\040\000d\000e\000l\000\040\000m\000o\000v\000i\000m\000i\000e\000n\000t\000o\000\040\000d\000e\000l\000\040\000s\000i\000s\000t\000e\000m\000a}{chapter.8}% 94
\BOOKMARK [1][-]{section.8.2}{\376\377\000V\000a\000l\000i\000d\000a\000c\000i\000\363\000n\000\040\000d\000e\000\040\000l\000a\000\040\000p\000r\000e\000c\000i\000s\000i\000\363\000n\000\040\000d\000e\000\040\000p\000o\000s\000i\000c\000i\000o\000n\000a\000m\000i\000e\000n\000t\000o}{chapter.8}% 95
\BOOKMARK [1][-]{section.8.3}{\376\377\000R\000e\000s\000u\000l\000t\000a\000d\000o\000s\000\040\000e\000n\000\040\000e\000l\000\040\000m\000o\000d\000o\000\040\000a\000u\000t\000o\000m\000\341\000t\000i\000c\000o}{chapter.8}% 96
\BOOKMARK [1][-]{section.8.4}{\376\377\000V\000a\000l\000i\000d\000a\000c\000i\000\363\000n\000\040\000d\000e\000l\000\040\000m\000o\000d\000o\000\040\000e\000f\000e\000m\000\351\000r\000i\000d\000e\000s}{chapter.8}% 97
\BOOKMARK [1][-]{section.8.5}{\376\377\000C\000o\000n\000s\000u\000m\000o\000\040\000e\000n\000e\000r\000g\000\351\000t\000i\000c\000o}{chapter.8}% 98
\BOOKMARK [0][-]{chapter.9}{\376\377\000C\000o\000n\000c\000l\000u\000s\000i\000o\000n\000e\000s}{}% 99
\BOOKMARK [1][-]{section.9.1}{\376\377\000E\000v\000a\000l\000u\000a\000c\000i\000\363\000n\000\040\000g\000l\000o\000b\000a\000l\000\040\000d\000e\000\040\000l\000o\000s\000\040\000r\000e\000s\000u\000l\000t\000a\000d\000o\000s}{chapter.9}% 100
\BOOKMARK [1][-]{section.9.2}{\376\377\000D\000i\000s\000c\000u\000s\000i\000\363\000n\000\040\000d\000e\000\040\000a\000s\000p\000e\000c\000t\000o\000s\000\040\000c\000l\000a\000v\000e}{chapter.9}% 101
\BOOKMARK [1][-]{section.9.3}{\376\377\000R\000e\000n\000d\000i\000m\000i\000e\000n\000t\000o\000\040\000d\000e\000\040\000l\000a\000\040\000s\000e\000l\000e\000c\000c\000i\000\363\000n\000\040\000t\000e\000c\000n\000o\000l\000\363\000g\000i\000c\000a}{chapter.9}% 102
\BOOKMARK [1][-]{section.9.4}{\376\377\000F\000i\000a\000b\000i\000l\000i\000d\000a\000d\000\040\000d\000e\000l\000\040\000d\000i\000s\000e\000\361\000o}{chapter.9}% 103
\BOOKMARK [1][-]{section.9.5}{\376\377\000L\000i\000m\000i\000t\000a\000c\000i\000o\000n\000e\000s\000\040\000d\000e\000l\000\040\000s\000i\000s\000t\000e\000m\000a}{chapter.9}% 104
\BOOKMARK [1][-]{section.9.6}{\376\377\000A\000p\000o\000r\000t\000a\000c\000i\000\363\000n\000\040\000d\000e\000l\000\040\000p\000r\000o\000y\000e\000c\000t\000o}{chapter.9}% 105
\BOOKMARK [1][-]{section.9.7}{\376\377\000L\000\355\000n\000e\000a\000s\000\040\000d\000e\000\040\000t\000r\000a\000b\000a\000j\000o\000\040\000f\000u\000t\000u\000r\000o}{chapter.9}% 106
\BOOKMARK [1][-]{section.9.8}{\376\377\000I\000m\000p\000a\000c\000t\000o\000\040\000a\000m\000b\000i\000e\000n\000t\000a\000l}{chapter.9}% 107
\BOOKMARK [0][-]{appendix.Alph1}{\376\377\000A\000n\000e\000x\000o}{}% 108
\BOOKMARK [1][-]{section.Alph1.1}{\376\377\000E\000S\000P\0003\0002\000-\000S\0003\000-\000D\000e\000v\000k\000i\000t\000-\000C\0001}{appendix.Alph1}% 109
\BOOKMARK [0][-]{figure.caption.75}{\376\377\000B\000i\000b\000l\000i\000o\000g\000r\000a\000f\000i\000a}{}% 110
